<?xml version="1.0" encoding="UTF-8"?>
<coverage generated="1615337808640" clover="3.2.0">
  <project timestamp="1615337808640" name="All files">
    <metrics statements="149" coveredstatements="120" conditionals="62" coveredconditionals="47" methods="15" coveredmethods="8" elements="226" coveredelements="175" complexity="0" loc="149" ncloc="149" packages="1" files="1" classes="1"/>
    <file name="settings.js" path="/home/jamie/School/CSE 110/cse110-w21-group11/source/scripts/settings.js">
      <metrics statements="149" coveredstatements="120" conditionals="62" coveredconditionals="47" methods="15" coveredmethods="8"/>
      <line num="17" count="1" type="stmt"/>
      <line num="18" count="1" type="stmt"/>
      <line num="19" count="1" type="stmt"/>
      <line num="20" count="1" type="stmt"/>
      <line num="21" count="1" type="stmt"/>
      <line num="27" count="58506" type="stmt"/>
      <line num="29" count="58506" type="stmt"/>
      <line num="30" count="58506" type="stmt"/>
      <line num="31" count="58506" type="cond" truecount="2" falsecount="0"/>
      <line num="32" count="58506" type="cond" truecount="2" falsecount="0"/>
      <line num="33" count="58506" type="stmt"/>
      <line num="34" count="58506" type="stmt"/>
      <line num="40" count="58506" type="cond" truecount="2" falsecount="0"/>
      <line num="42" count="53" type="cond" truecount="2" falsecount="0"/>
      <line num="43" count="25" type="stmt"/>
      <line num="45" count="25" type="stmt"/>
      <line num="46" count="25" type="stmt"/>
      <line num="47" count="25" type="stmt"/>
      <line num="51" count="28" type="stmt"/>
      <line num="52" count="28" type="stmt"/>
      <line num="53" count="28" type="stmt"/>
      <line num="55" count="28" type="stmt"/>
      <line num="56" count="28" type="stmt"/>
      <line num="58" count="28" type="stmt"/>
      <line num="60" count="28" type="cond" truecount="1" falsecount="1"/>
      <line num="61" count="0" type="stmt"/>
      <line num="65" count="28" type="cond" truecount="4" falsecount="0"/>
      <line num="66" count="6" type="stmt"/>
      <line num="68" count="6" type="stmt"/>
      <line num="69" count="6" type="cond" truecount="1" falsecount="1"/>
      <line num="71" count="0" type="stmt"/>
      <line num="73" count="6" type="stmt"/>
      <line num="78" count="22" type="stmt"/>
      <line num="80" count="22" type="stmt"/>
      <line num="82" count="22" type="cond" truecount="1" falsecount="1"/>
      <line num="84" count="0" type="stmt"/>
      <line num="86" count="22" type="stmt"/>
      <line num="93" count="1" type="stmt"/>
      <line num="100" count="1" type="stmt"/>
      <line num="107" count="53" type="cond" truecount="1" falsecount="1"/>
      <line num="109" count="0" type="stmt"/>
      <line num="111" count="53" type="stmt"/>
      <line num="112" count="53" type="stmt"/>
      <line num="113" count="53" type="stmt"/>
      <line num="114" count="53" type="stmt"/>
      <line num="115" count="53" type="stmt"/>
      <line num="122" count="6067" type="cond" truecount="2" falsecount="0"/>
      <line num="123" count="56" type="stmt"/>
      <line num="125" count="6067" type="stmt"/>
      <line num="126" count="6067" type="stmt"/>
      <line num="127" count="6067" type="stmt"/>
      <line num="130" count="6067" type="stmt"/>
      <line num="131" count="6067" type="stmt"/>
      <line num="132" count="6067" type="cond" truecount="2" falsecount="0"/>
      <line num="133" count="6067" type="cond" truecount="2" falsecount="0"/>
      <line num="134" count="6067" type="stmt"/>
      <line num="135" count="6067" type="stmt"/>
      <line num="136" count="6067" type="stmt"/>
      <line num="138" count="1" type="stmt"/>
      <line num="144" count="10" type="stmt"/>
      <line num="146" count="10" type="stmt"/>
      <line num="147" count="10" type="stmt"/>
      <line num="148" count="10" type="cond" truecount="2" falsecount="0"/>
      <line num="149" count="10" type="cond" truecount="1" falsecount="1"/>
      <line num="150" count="10" type="stmt"/>
      <line num="151" count="10" type="stmt"/>
      <line num="153" count="1" type="stmt"/>
      <line num="159" count="10" type="stmt"/>
      <line num="160" count="10" type="stmt"/>
      <line num="168" count="1" type="stmt"/>
      <line num="169" count="1" type="stmt"/>
      <line num="170" count="0" type="cond" truecount="0" falsecount="2"/>
      <line num="171" count="0" type="stmt"/>
      <line num="175" count="1" type="stmt"/>
      <line num="176" count="1" type="stmt"/>
      <line num="182" count="3004" type="stmt"/>
      <line num="183" count="3004" type="stmt"/>
      <line num="185" count="3004" type="cond" truecount="2" falsecount="0"/>
      <line num="186" count="1805" type="stmt"/>
      <line num="187" count="0" type="stmt"/>
      <line num="190" count="3004" type="stmt"/>
      <line num="191" count="3004" type="cond" truecount="2" falsecount="0"/>
      <line num="192" count="1" type="stmt"/>
      <line num="193" count="1" type="stmt"/>
      <line num="194" count="1" type="stmt"/>
      <line num="195" count="3003" type="cond" truecount="2" falsecount="0"/>
      <line num="196" count="118" type="stmt"/>
      <line num="197" count="118" type="stmt"/>
      <line num="198" count="2885" type="cond" truecount="2" falsecount="0"/>
      <line num="199" count="1080" type="stmt"/>
      <line num="200" count="1080" type="stmt"/>
      <line num="201" count="1805" type="cond" truecount="1" falsecount="1"/>
      <line num="203" count="0" type="stmt"/>
      <line num="204" count="0" type="stmt"/>
      <line num="206" count="1805" type="stmt"/>
      <line num="207" count="1805" type="stmt"/>
      <line num="209" count="3004" type="stmt"/>
      <line num="210" count="3004" type="stmt"/>
      <line num="212" count="1" type="stmt"/>
      <line num="219" count="3004" type="stmt"/>
      <line num="220" count="3004" type="stmt"/>
      <line num="222" count="3004" type="cond" truecount="2" falsecount="0"/>
      <line num="223" count="2500" type="stmt"/>
      <line num="224" count="0" type="stmt"/>
      <line num="227" count="3004" type="stmt"/>
      <line num="228" count="3004" type="cond" truecount="4" falsecount="0"/>
      <line num="229" count="54" type="stmt"/>
      <line num="230" count="54" type="stmt"/>
      <line num="231" count="54" type="stmt"/>
      <line num="232" count="2950" type="cond" truecount="2" falsecount="0"/>
      <line num="233" count="450" type="stmt"/>
      <line num="234" count="450" type="stmt"/>
      <line num="235" count="2500" type="cond" truecount="1" falsecount="1"/>
      <line num="237" count="0" type="stmt"/>
      <line num="238" count="0" type="stmt"/>
      <line num="240" count="2500" type="stmt"/>
      <line num="241" count="2500" type="stmt"/>
      <line num="243" count="3004" type="stmt"/>
      <line num="244" count="3004" type="stmt"/>
      <line num="246" count="1" type="stmt"/>
      <line num="258" count="53" type="stmt"/>
      <line num="259" count="53" type="stmt"/>
      <line num="261" count="53" type="cond" truecount="1" falsecount="1"/>
      <line num="262" count="0" type="stmt"/>
      <line num="265" count="0" type="stmt"/>
      <line num="266" count="53" type="cond" truecount="1" falsecount="1"/>
      <line num="267" count="0" type="stmt"/>
      <line num="270" count="0" type="stmt"/>
      <line num="271" count="53" type="cond" truecount="1" falsecount="1"/>
      <line num="272" count="0" type="stmt"/>
      <line num="275" count="0" type="stmt"/>
      <line num="279" count="53" type="cond" truecount="1" falsecount="1"/>
      <line num="281" count="0" type="stmt"/>
      <line num="284" count="0" type="stmt"/>
      <line num="285" count="0" type="stmt"/>
      <line num="289" count="0" type="stmt"/>
      <line num="293" count="53" type="stmt"/>
      <line num="294" count="0" type="stmt"/>
      <line num="296" count="53" type="stmt"/>
      <line num="297" count="0" type="stmt"/>
      <line num="300" count="0" type="cond" truecount="0" falsecount="2"/>
      <line num="301" count="0" type="stmt"/>
      <line num="302" count="0" type="stmt"/>
      <line num="310" count="1" type="stmt"/>
      <line num="311" count="1" type="stmt"/>
      <line num="312" count="1" type="stmt"/>
      <line num="313" count="0" type="stmt"/>
      <line num="317" count="1" type="stmt"/>
      <line num="318" count="0" type="stmt"/>
    </file>
  </project>
</coverage>
