<?xml version="1.0" encoding="UTF-8"?>
<coverage generated="1615695063911" clover="3.2.0">
  <project timestamp="1615695063912" name="All files">
    <metrics statements="242" coveredstatements="153" conditionals="78" coveredconditionals="55" methods="28" coveredmethods="11" elements="348" coveredelements="219" complexity="0" loc="242" ncloc="242" packages="2" files="2" classes="2"/>
    <package name="source">
      <metrics statements="36" coveredstatements="17" conditionals="4" coveredconditionals="0" methods="7" coveredmethods="3"/>
      <file name="list-btns.js" path="/Users/amador/cse110-w21-group11/source/list-btns.js">
        <metrics statements="36" coveredstatements="17" conditionals="4" coveredconditionals="0" methods="7" coveredmethods="3"/>
        <line num="5" count="1" type="stmt"/>
        <line num="6" count="1" type="stmt"/>
        <line num="8" count="1" type="stmt"/>
        <line num="9" count="0" type="cond" truecount="0" falsecount="2"/>
        <line num="10" count="0" type="stmt"/>
        <line num="12" count="0" type="stmt"/>
        <line num="13" count="0" type="cond" truecount="0" falsecount="2"/>
        <line num="14" count="0" type="stmt"/>
        <line num="15" count="0" type="stmt"/>
        <line num="16" count="0" type="stmt"/>
        <line num="37" count="1" type="stmt"/>
        <line num="38" count="1" type="stmt"/>
        <line num="39" count="0" type="stmt"/>
        <line num="40" count="0" type="stmt"/>
        <line num="59" count="0" type="stmt"/>
        <line num="60" count="0" type="stmt"/>
        <line num="61" count="0" type="stmt"/>
        <line num="62" count="0" type="stmt"/>
        <line num="64" count="0" type="stmt"/>
        <line num="70" count="0" type="stmt"/>
        <line num="72" count="0" type="stmt"/>
        <line num="73" count="0" type="stmt"/>
        <line num="77" count="0" type="stmt"/>
        <line num="80" count="1" type="stmt"/>
        <line num="81" count="1" type="stmt"/>
        <line num="82" count="0" type="stmt"/>
        <line num="88" count="2" type="stmt"/>
        <line num="89" count="2" type="stmt"/>
        <line num="90" count="2" type="stmt"/>
        <line num="91" count="2" type="stmt"/>
        <line num="92" count="1" type="stmt"/>
        <line num="94" count="2" type="stmt"/>
        <line num="103" count="1" type="stmt"/>
        <line num="105" count="1" type="stmt"/>
        <line num="111" count="1" type="stmt"/>
        <line num="113" count="1" type="stmt"/>
      </file>
    </package>
    <package name="source.scripts">
      <metrics statements="206" coveredstatements="136" conditionals="74" coveredconditionals="55" methods="21" coveredmethods="8"/>
      <file name="settings.js" path="/Users/amador/cse110-w21-group11/source/scripts/settings.js">
        <metrics statements="206" coveredstatements="136" conditionals="74" coveredconditionals="55" methods="21" coveredmethods="8"/>
        <line num="19" count="1" type="stmt"/>
        <line num="20" count="0" type="stmt"/>
        <line num="21" count="0" type="stmt"/>
        <line num="22" count="0" type="stmt"/>
        <line num="25" count="1" type="stmt"/>
        <line num="26" count="1" type="stmt"/>
        <line num="27" count="1" type="stmt"/>
        <line num="28" count="1" type="stmt"/>
        <line num="29" count="1" type="stmt"/>
        <line num="35" count="58506" type="stmt"/>
        <line num="37" count="58506" type="stmt"/>
        <line num="38" count="58506" type="stmt"/>
        <line num="39" count="58506" type="cond" truecount="2" falsecount="0"/>
        <line num="40" count="58506" type="cond" truecount="2" falsecount="0"/>
        <line num="41" count="58506" type="stmt"/>
        <line num="42" count="58506" type="stmt"/>
        <line num="48" count="58506" type="cond" truecount="2" falsecount="0"/>
        <line num="50" count="53" type="cond" truecount="2" falsecount="0"/>
        <line num="51" count="25" type="stmt"/>
        <line num="52" count="25" type="stmt"/>
        <line num="54" count="25" type="stmt"/>
        <line num="55" count="25" type="stmt"/>
        <line num="56" count="25" type="stmt"/>
        <line num="57" count="25" type="stmt"/>
        <line num="61" count="28" type="stmt"/>
        <line num="62" count="28" type="stmt"/>
        <line num="64" count="28" type="stmt"/>
        <line num="65" count="28" type="stmt"/>
        <line num="66" count="28" type="stmt"/>
        <line num="68" count="28" type="stmt"/>
        <line num="69" count="28" type="stmt"/>
        <line num="70" count="28" type="stmt"/>
        <line num="72" count="28" type="stmt"/>
        <line num="74" count="28" type="cond" truecount="1" falsecount="1"/>
        <line num="75" count="0" type="stmt"/>
        <line num="79" count="28" type="cond" truecount="4" falsecount="0"/>
        <line num="80" count="6" type="stmt"/>
        <line num="82" count="6" type="stmt"/>
        <line num="83" count="6" type="cond" truecount="1" falsecount="1"/>
        <line num="85" count="0" type="stmt"/>
        <line num="87" count="6" type="stmt"/>
        <line num="92" count="22" type="stmt"/>
        <line num="94" count="22" type="stmt"/>
        <line num="96" count="22" type="cond" truecount="1" falsecount="1"/>
        <line num="98" count="0" type="stmt"/>
        <line num="100" count="22" type="stmt"/>
        <line num="107" count="1" type="stmt"/>
        <line num="114" count="1" type="stmt"/>
        <line num="121" count="54" type="cond" truecount="3" falsecount="1"/>
        <line num="122" count="54" type="cond" truecount="1" falsecount="1"/>
        <line num="124" count="0" type="stmt"/>
        <line num="126" count="54" type="stmt"/>
        <line num="127" count="54" type="stmt"/>
        <line num="128" count="54" type="stmt"/>
        <line num="129" count="54" type="stmt"/>
        <line num="130" count="54" type="stmt"/>
        <line num="138" count="6077" type="cond" truecount="2" falsecount="0"/>
        <line num="139" count="3" type="stmt"/>
        <line num="140" count="3" type="stmt"/>
        <line num="142" count="6077" type="stmt"/>
        <line num="143" count="6077" type="stmt"/>
        <line num="144" count="6077" type="stmt"/>
        <line num="147" count="6077" type="stmt"/>
        <line num="148" count="6077" type="stmt"/>
        <line num="149" count="6077" type="cond" truecount="2" falsecount="0"/>
        <line num="150" count="6077" type="cond" truecount="2" falsecount="0"/>
        <line num="151" count="6077" type="stmt"/>
        <line num="152" count="6077" type="stmt"/>
        <line num="153" count="6077" type="stmt"/>
        <line num="155" count="1" type="stmt"/>
        <line num="161" count="10" type="cond" truecount="2" falsecount="0"/>
        <line num="162" count="3" type="stmt"/>
        <line num="164" count="10" type="stmt"/>
        <line num="166" count="10" type="stmt"/>
        <line num="167" count="10" type="stmt"/>
        <line num="168" count="10" type="cond" truecount="2" falsecount="0"/>
        <line num="169" count="10" type="cond" truecount="1" falsecount="1"/>
        <line num="170" count="10" type="stmt"/>
        <line num="171" count="10" type="stmt"/>
        <line num="172" count="10" type="stmt"/>
        <line num="174" count="1" type="stmt"/>
        <line num="180" count="10" type="stmt"/>
        <line num="181" count="10" type="stmt"/>
        <line num="188" count="0" type="cond" truecount="0" falsecount="2"/>
        <line num="197" count="0" type="stmt"/>
        <line num="200" count="0" type="stmt"/>
        <line num="203" count="0" type="stmt"/>
        <line num="206" count="0" type="stmt"/>
        <line num="209" count="0" type="stmt"/>
        <line num="212" count="0" type="stmt"/>
        <line num="215" count="0" type="stmt"/>
        <line num="218" count="0" type="stmt"/>
        <line num="224" count="0" type="stmt"/>
        <line num="226" count="0" type="stmt"/>
        <line num="227" count="0" type="stmt"/>
        <line num="228" count="0" type="stmt"/>
        <line num="229" count="0" type="stmt"/>
        <line num="230" count="0" type="stmt"/>
        <line num="232" count="0" type="stmt"/>
        <line num="234" count="0" type="stmt"/>
        <line num="237" count="0" type="stmt"/>
        <line num="241" count="0" type="stmt"/>
        <line num="245" count="0" type="stmt"/>
        <line num="249" count="0" type="stmt"/>
        <line num="253" count="0" type="stmt"/>
        <line num="257" count="0" type="stmt"/>
        <line num="261" count="0" type="stmt"/>
        <line num="265" count="0" type="stmt"/>
        <line num="270" count="0" type="stmt"/>
        <line num="273" count="0" type="stmt"/>
        <line num="276" count="0" type="stmt"/>
        <line num="279" count="0" type="stmt"/>
        <line num="282" count="0" type="stmt"/>
        <line num="285" count="0" type="stmt"/>
        <line num="288" count="0" type="stmt"/>
        <line num="291" count="0" type="stmt"/>
        <line num="297" count="1" type="stmt"/>
        <line num="298" count="1" type="stmt"/>
        <line num="299" count="0" type="cond" truecount="0" falsecount="2"/>
        <line num="300" count="0" type="stmt"/>
        <line num="304" count="1" type="stmt"/>
        <line num="305" count="1" type="stmt"/>
        <line num="311" count="3004" type="stmt"/>
        <line num="312" count="3004" type="stmt"/>
        <line num="314" count="3004" type="cond" truecount="2" falsecount="0"/>
        <line num="315" count="1805" type="stmt"/>
        <line num="316" count="0" type="stmt"/>
        <line num="319" count="3004" type="stmt"/>
        <line num="320" count="3004" type="cond" truecount="2" falsecount="0"/>
        <line num="322" count="1" type="stmt"/>
        <line num="323" count="1" type="stmt"/>
        <line num="324" count="3003" type="cond" truecount="2" falsecount="0"/>
        <line num="325" count="118" type="stmt"/>
        <line num="326" count="118" type="stmt"/>
        <line num="327" count="2885" type="cond" truecount="2" falsecount="0"/>
        <line num="328" count="1080" type="stmt"/>
        <line num="329" count="1080" type="stmt"/>
        <line num="336" count="1805" type="stmt"/>
        <line num="337" count="1805" type="stmt"/>
        <line num="339" count="3004" type="stmt"/>
        <line num="340" count="3004" type="stmt"/>
        <line num="343" count="1" type="stmt"/>
        <line num="350" count="3004" type="stmt"/>
        <line num="351" count="3004" type="stmt"/>
        <line num="353" count="3004" type="cond" truecount="2" falsecount="0"/>
        <line num="354" count="2500" type="stmt"/>
        <line num="355" count="0" type="stmt"/>
        <line num="358" count="3004" type="stmt"/>
        <line num="359" count="3004" type="cond" truecount="4" falsecount="0"/>
        <line num="361" count="54" type="stmt"/>
        <line num="362" count="54" type="cond" truecount="2" falsecount="0"/>
        <line num="363" count="1" type="stmt"/>
        <line num="364" count="1" type="stmt"/>
        <line num="366" count="53" type="stmt"/>
        <line num="368" count="2950" type="cond" truecount="2" falsecount="0"/>
        <line num="369" count="450" type="stmt"/>
        <line num="370" count="450" type="cond" truecount="1" falsecount="1"/>
        <line num="371" count="0" type="stmt"/>
        <line num="372" count="0" type="stmt"/>
        <line num="374" count="450" type="stmt"/>
        <line num="382" count="2500" type="stmt"/>
        <line num="383" count="2500" type="cond" truecount="1" falsecount="1"/>
        <line num="384" count="0" type="stmt"/>
        <line num="385" count="0" type="stmt"/>
        <line num="387" count="2500" type="stmt"/>
        <line num="390" count="3004" type="stmt"/>
        <line num="391" count="3004" type="stmt"/>
        <line num="394" count="1" type="stmt"/>
        <line num="405" count="53" type="stmt"/>
        <line num="406" count="53" type="stmt"/>
        <line num="408" count="53" type="cond" truecount="1" falsecount="1"/>
        <line num="409" count="0" type="stmt"/>
        <line num="412" count="0" type="stmt"/>
        <line num="413" count="53" type="cond" truecount="1" falsecount="1"/>
        <line num="414" count="0" type="stmt"/>
        <line num="417" count="0" type="stmt"/>
        <line num="418" count="53" type="cond" truecount="1" falsecount="1"/>
        <line num="419" count="0" type="stmt"/>
        <line num="422" count="0" type="stmt"/>
        <line num="426" count="53" type="cond" truecount="1" falsecount="1"/>
        <line num="428" count="0" type="stmt"/>
        <line num="431" count="0" type="stmt"/>
        <line num="432" count="0" type="stmt"/>
        <line num="436" count="0" type="stmt"/>
        <line num="440" count="53" type="stmt"/>
        <line num="441" count="0" type="stmt"/>
        <line num="443" count="53" type="stmt"/>
        <line num="444" count="0" type="stmt"/>
        <line num="447" count="0" type="cond" truecount="0" falsecount="2"/>
        <line num="448" count="0" type="stmt"/>
        <line num="449" count="0" type="stmt"/>
        <line num="455" count="1" type="stmt"/>
        <line num="456" count="1" type="stmt"/>
        <line num="457" count="0" type="stmt"/>
        <line num="463" count="1" type="stmt"/>
        <line num="464" count="1" type="stmt"/>
        <line num="465" count="1" type="stmt"/>
        <line num="466" count="0" type="stmt"/>
        <line num="469" count="0" type="stmt"/>
        <line num="471" count="1" type="stmt"/>
        <line num="472" count="0" type="stmt"/>
        <line num="475" count="0" type="stmt"/>
        <line num="479" count="1" type="stmt"/>
        <line num="480" count="1" type="cond" truecount="1" falsecount="1"/>
        <line num="481" count="0" type="stmt"/>
        <line num="482" count="0" type="stmt"/>
      </file>
    </package>
  </project>
</coverage>
