{"/Users/amador/cse110-w21-group11/source/list-btns.js": {"path":"/Users/amador/cse110-w21-group11/source/list-btns.js","statementMap":{"0":{"start":{"line":5,"column":18},"end":{"line":5,"column":37}},"1":{"start":{"line":6,"column":17},"end":{"line":6,"column":49}},"2":{"start":{"line":8,"column":0},"end":{"line":19,"column":3}},"3":{"start":{"line":9,"column":2},"end":{"line":11,"column":3}},"4":{"start":{"line":10,"column":4},"end":{"line":10,"column":37}},"5":{"start":{"line":12,"column":16},"end":{"line":12,"column":54}},"6":{"start":{"line":13,"column":2},"end":{"line":18,"column":3}},"7":{"start":{"line":14,"column":4},"end":{"line":14,"column":62}},"8":{"start":{"line":15,"column":4},"end":{"line":17,"column":5}},"9":{"start":{"line":15,"column":17},"end":{"line":15,"column":18}},"10":{"start":{"line":16,"column":6},"end":{"line":16,"column":47}},"11":{"start":{"line":37,"column":13},"end":{"line":37,"column":44}},"12":{"start":{"line":38,"column":0},"end":{"line":41,"column":3}},"13":{"start":{"line":39,"column":2},"end":{"line":39,"column":21}},"14":{"start":{"line":40,"column":2},"end":{"line":40,"column":12}},"15":{"start":{"line":59,"column":17},"end":{"line":59,"column":51}},"16":{"start":{"line":60,"column":16},"end":{"line":60,"column":48}},"17":{"start":{"line":61,"column":18},"end":{"line":61,"column":60}},"18":{"start":{"line":62,"column":18},"end":{"line":62,"column":59}},"19":{"start":{"line":64,"column":2},"end":{"line":69,"column":4}},"20":{"start":{"line":70,"column":2},"end":{"line":70,"column":42}},"21":{"start":{"line":72,"column":22},"end":{"line":72,"column":60}},"22":{"start":{"line":73,"column":2},"end":{"line":76,"column":5}},"23":{"start":{"line":77,"column":2},"end":{"line":77,"column":58}},"24":{"start":{"line":80,"column":20},"end":{"line":80,"column":52}},"25":{"start":{"line":81,"column":0},"end":{"line":83,"column":3}},"26":{"start":{"line":82,"column":2},"end":{"line":82,"column":14}},"27":{"start":{"line":88,"column":16},"end":{"line":88,"column":48}},"28":{"start":{"line":89,"column":17},"end":{"line":89,"column":51}},"29":{"start":{"line":90,"column":2},"end":{"line":90,"column":33}},"30":{"start":{"line":91,"column":2},"end":{"line":93,"column":3}},"31":{"start":{"line":92,"column":4},"end":{"line":92,"column":41}},"32":{"start":{"line":94,"column":2},"end":{"line":94,"column":35}},"33":{"start":{"line":103,"column":2},"end":{"line":103,"column":100}},"34":{"start":{"line":105,"column":0},"end":{"line":105,"column":52}},"35":{"start":{"line":111,"column":2},"end":{"line":111,"column":100}},"36":{"start":{"line":113,"column":0},"end":{"line":113,"column":53}}},"fnMap":{"0":{"name":"(anonymous_0)","decl":{"start":{"line":8,"column":44},"end":{"line":8,"column":45}},"loc":{"start":{"line":8,"column":50},"end":{"line":19,"column":1}},"line":8},"1":{"name":"(anonymous_1)","decl":{"start":{"line":38,"column":32},"end":{"line":38,"column":33}},"loc":{"start":{"line":38,"column":45},"end":{"line":41,"column":1}},"line":38},"2":{"name":"addTask","decl":{"start":{"line":58,"column":16},"end":{"line":58,"column":23}},"loc":{"start":{"line":58,"column":26},"end":{"line":78,"column":1}},"line":58},"3":{"name":"(anonymous_3)","decl":{"start":{"line":81,"column":38},"end":{"line":81,"column":39}},"loc":{"start":{"line":81,"column":50},"end":{"line":83,"column":1}},"line":81},"4":{"name":"clearList","decl":{"start":{"line":87,"column":16},"end":{"line":87,"column":25}},"loc":{"start":{"line":87,"column":28},"end":{"line":95,"column":1}},"line":87},"5":{"name":"increment","decl":{"start":{"line":102,"column":16},"end":{"line":102,"column":25}},"loc":{"start":{"line":102,"column":28},"end":{"line":104,"column":1}},"line":102},"6":{"name":"decrement","decl":{"start":{"line":110,"column":16},"end":{"line":110,"column":25}},"loc":{"start":{"line":110,"column":28},"end":{"line":112,"column":1}},"line":110}},"branchMap":{"0":{"loc":{"start":{"line":9,"column":2},"end":{"line":11,"column":3}},"type":"if","locations":[{"start":{"line":9,"column":2},"end":{"line":11,"column":3}},{"start":{"line":9,"column":2},"end":{"line":11,"column":3}}],"line":9},"1":{"loc":{"start":{"line":13,"column":2},"end":{"line":18,"column":3}},"type":"if","locations":[{"start":{"line":13,"column":2},"end":{"line":18,"column":3}},{"start":{"line":13,"column":2},"end":{"line":18,"column":3}}],"line":13}},"s":{"0":1,"1":1,"2":1,"3":0,"4":0,"5":0,"6":0,"7":0,"8":0,"9":0,"10":0,"11":1,"12":1,"13":0,"14":0,"15":0,"16":0,"17":0,"18":0,"19":0,"20":0,"21":0,"22":0,"23":0,"24":1,"25":1,"26":0,"27":2,"28":2,"29":2,"30":2,"31":1,"32":2,"33":1,"34":1,"35":1,"36":1},"f":{"0":0,"1":0,"2":0,"3":0,"4":2,"5":1,"6":1},"b":{"0":[0,0],"1":[0,0]},"_coverageSchema":"1a1c01bbd47fc00a2c39e90264f33305004495a9","hash":"eda71773a419960c1b43ff38b8f445bc912dc486"}
,"/Users/amador/cse110-w21-group11/source/scripts/settings.js": {"path":"/Users/amador/cse110-w21-group11/source/scripts/settings.js","statementMap":{"0":{"start":{"line":19,"column":0},"end":{"line":23,"column":3}},"1":{"start":{"line":20,"column":2},"end":{"line":20,"column":17}},"2":{"start":{"line":21,"column":2},"end":{"line":21,"column":17}},"3":{"start":{"line":22,"column":2},"end":{"line":22,"column":17}},"4":{"start":{"line":25,"column":21},"end":{"line":25,"column":28}},"5":{"start":{"line":26,"column":20},"end":{"line":26,"column":34}},"6":{"start":{"line":27,"column":15},"end":{"line":27,"column":16}},"7":{"start":{"line":28,"column":17},"end":{"line":28,"column":21}},"8":{"start":{"line":29,"column":14},"end":{"line":29,"column":19}},"9":{"start":{"line":35,"column":2},"end":{"line":35,"column":18}},"10":{"start":{"line":37,"column":15},"end":{"line":37,"column":45}},"11":{"start":{"line":38,"column":16},"end":{"line":38,"column":46}},"12":{"start":{"line":39,"column":2},"end":{"line":39,"column":47}},"13":{"start":{"line":40,"column":2},"end":{"line":40,"column":51}},"14":{"start":{"line":41,"column":2},"end":{"line":41,"column":55}},"15":{"start":{"line":42,"column":2},"end":{"line":42,"column":57}},"16":{"start":{"line":48,"column":2},"end":{"line":104,"column":3}},"17":{"start":{"line":50,"column":4},"end":{"line":103,"column":5}},"18":{"start":{"line":51,"column":6},"end":{"line":51,"column":22}},"19":{"start":{"line":52,"column":6},"end":{"line":52,"column":79}},"20":{"start":{"line":54,"column":6},"end":{"line":54,"column":32}},"21":{"start":{"line":55,"column":6},"end":{"line":55,"column":24}},"22":{"start":{"line":56,"column":6},"end":{"line":56,"column":37}},"23":{"start":{"line":57,"column":6},"end":{"line":57,"column":14}},"24":{"start":{"line":61,"column":6},"end":{"line":61,"column":22}},"25":{"start":{"line":62,"column":6},"end":{"line":63,"column":34}},"26":{"start":{"line":64,"column":6},"end":{"line":64,"column":21}},"27":{"start":{"line":65,"column":6},"end":{"line":65,"column":17}},"28":{"start":{"line":66,"column":6},"end":{"line":67,"column":43}},"29":{"start":{"line":68,"column":6},"end":{"line":68,"column":32}},"30":{"start":{"line":69,"column":6},"end":{"line":69,"column":24}},"31":{"start":{"line":70,"column":6},"end":{"line":70,"column":14}},"32":{"start":{"line":72,"column":32},"end":{"line":72,"column":74}},"33":{"start":{"line":74,"column":6},"end":{"line":76,"column":7}},"34":{"start":{"line":75,"column":8},"end":{"line":75,"column":32}},"35":{"start":{"line":79,"column":6},"end":{"line":102,"column":7}},"36":{"start":{"line":80,"column":8},"end":{"line":80,"column":43}},"37":{"start":{"line":82,"column":36},"end":{"line":82,"column":79}},"38":{"start":{"line":83,"column":8},"end":{"line":88,"column":9}},"39":{"start":{"line":85,"column":10},"end":{"line":85,"column":34}},"40":{"start":{"line":87,"column":10},"end":{"line":87,"column":51}},"41":{"start":{"line":92,"column":8},"end":{"line":92,"column":44}},"42":{"start":{"line":94,"column":37},"end":{"line":95,"column":16}},"43":{"start":{"line":96,"column":8},"end":{"line":101,"column":9}},"44":{"start":{"line":98,"column":10},"end":{"line":98,"column":33}},"45":{"start":{"line":100,"column":10},"end":{"line":100,"column":52}},"46":{"start":{"line":107,"column":0},"end":{"line":108,"column":37}},"47":{"start":{"line":114,"column":15},"end":{"line":114,"column":48}},"48":{"start":{"line":121,"column":2},"end":{"line":131,"column":3}},"49":{"start":{"line":122,"column":4},"end":{"line":125,"column":5}},"50":{"start":{"line":124,"column":6},"end":{"line":124,"column":30}},"51":{"start":{"line":126,"column":4},"end":{"line":126,"column":48}},"52":{"start":{"line":127,"column":4},"end":{"line":127,"column":53}},"53":{"start":{"line":128,"column":4},"end":{"line":128,"column":49}},"54":{"start":{"line":129,"column":4},"end":{"line":129,"column":69}},"55":{"start":{"line":130,"column":4},"end":{"line":130,"column":26}},"56":{"start":{"line":138,"column":2},"end":{"line":141,"column":3}},"57":{"start":{"line":139,"column":4},"end":{"line":139,"column":30}},"58":{"start":{"line":140,"column":4},"end":{"line":140,"column":22}},"59":{"start":{"line":142,"column":2},"end":{"line":142,"column":50}},"60":{"start":{"line":143,"column":2},"end":{"line":143,"column":48}},"61":{"start":{"line":144,"column":2},"end":{"line":144,"column":65}},"62":{"start":{"line":147,"column":15},"end":{"line":147,"column":45}},"63":{"start":{"line":148,"column":16},"end":{"line":148,"column":46}},"64":{"start":{"line":149,"column":2},"end":{"line":149,"column":47}},"65":{"start":{"line":150,"column":2},"end":{"line":150,"column":51}},"66":{"start":{"line":151,"column":2},"end":{"line":151,"column":55}},"67":{"start":{"line":152,"column":2},"end":{"line":152,"column":57}},"68":{"start":{"line":153,"column":2},"end":{"line":153,"column":25}},"69":{"start":{"line":155,"column":0},"end":{"line":155,"column":46}},"70":{"start":{"line":161,"column":2},"end":{"line":163,"column":3}},"71":{"start":{"line":162,"column":4},"end":{"line":162,"column":20}},"72":{"start":{"line":164,"column":2},"end":{"line":164,"column":33}},"73":{"start":{"line":166,"column":15},"end":{"line":166,"column":45}},"74":{"start":{"line":167,"column":16},"end":{"line":167,"column":46}},"75":{"start":{"line":168,"column":2},"end":{"line":168,"column":47}},"76":{"start":{"line":169,"column":2},"end":{"line":169,"column":51}},"77":{"start":{"line":170,"column":2},"end":{"line":170,"column":55}},"78":{"start":{"line":171,"column":2},"end":{"line":171,"column":57}},"79":{"start":{"line":172,"column":2},"end":{"line":172,"column":15}},"80":{"start":{"line":174,"column":0},"end":{"line":174,"column":76}},"81":{"start":{"line":180,"column":2},"end":{"line":180,"column":15}},"82":{"start":{"line":181,"column":2},"end":{"line":181,"column":18}},"83":{"start":{"line":188,"column":2},"end":{"line":188,"column":40}},"84":{"start":{"line":197,"column":2},"end":{"line":199,"column":4}},"85":{"start":{"line":200,"column":2},"end":{"line":202,"column":4}},"86":{"start":{"line":203,"column":2},"end":{"line":205,"column":4}},"87":{"start":{"line":206,"column":2},"end":{"line":208,"column":4}},"88":{"start":{"line":209,"column":2},"end":{"line":211,"column":4}},"89":{"start":{"line":212,"column":2},"end":{"line":214,"column":10}},"90":{"start":{"line":215,"column":2},"end":{"line":217,"column":4}},"91":{"start":{"line":218,"column":2},"end":{"line":220,"column":4}},"92":{"start":{"line":224,"column":2},"end":{"line":225,"column":41}},"93":{"start":{"line":226,"column":2},"end":{"line":226,"column":78}},"94":{"start":{"line":227,"column":2},"end":{"line":227,"column":80}},"95":{"start":{"line":228,"column":2},"end":{"line":228,"column":76}},"96":{"start":{"line":229,"column":2},"end":{"line":229,"column":76}},"97":{"start":{"line":230,"column":2},"end":{"line":231,"column":38}},"98":{"start":{"line":232,"column":2},"end":{"line":233,"column":39}},"99":{"start":{"line":234,"column":2},"end":{"line":235,"column":39}},"100":{"start":{"line":237,"column":2},"end":{"line":240,"column":4}},"101":{"start":{"line":241,"column":2},"end":{"line":244,"column":4}},"102":{"start":{"line":245,"column":2},"end":{"line":248,"column":4}},"103":{"start":{"line":249,"column":2},"end":{"line":252,"column":4}},"104":{"start":{"line":253,"column":2},"end":{"line":256,"column":4}},"105":{"start":{"line":257,"column":2},"end":{"line":260,"column":4}},"106":{"start":{"line":261,"column":2},"end":{"line":264,"column":4}},"107":{"start":{"line":265,"column":2},"end":{"line":268,"column":4}},"108":{"start":{"line":270,"column":2},"end":{"line":272,"column":59}},"109":{"start":{"line":273,"column":2},"end":{"line":275,"column":4}},"110":{"start":{"line":276,"column":2},"end":{"line":278,"column":4}},"111":{"start":{"line":279,"column":2},"end":{"line":281,"column":4}},"112":{"start":{"line":282,"column":2},"end":{"line":284,"column":4}},"113":{"start":{"line":285,"column":2},"end":{"line":287,"column":4}},"114":{"start":{"line":288,"column":2},"end":{"line":290,"column":4}},"115":{"start":{"line":291,"column":2},"end":{"line":293,"column":4}},"116":{"start":{"line":297,"column":14},"end":{"line":297,"column":55}},"117":{"start":{"line":298,"column":0},"end":{"line":302,"column":2}},"118":{"start":{"line":299,"column":2},"end":{"line":301,"column":3}},"119":{"start":{"line":300,"column":4},"end":{"line":300,"column":33}},"120":{"start":{"line":304,"column":18},"end":{"line":304,"column":53}},"121":{"start":{"line":305,"column":18},"end":{"line":305,"column":53}},"122":{"start":{"line":311,"column":2},"end":{"line":311,"column":15}},"123":{"start":{"line":312,"column":18},"end":{"line":312,"column":19}},"124":{"start":{"line":314,"column":2},"end":{"line":318,"column":3}},"125":{"start":{"line":315,"column":4},"end":{"line":317,"column":5}},"126":{"start":{"line":316,"column":6},"end":{"line":316,"column":18}},"127":{"start":{"line":319,"column":2},"end":{"line":319,"column":57}},"128":{"start":{"line":320,"column":2},"end":{"line":338,"column":3}},"129":{"start":{"line":322,"column":4},"end":{"line":322,"column":55}},"130":{"start":{"line":323,"column":4},"end":{"line":323,"column":55}},"131":{"start":{"line":324,"column":9},"end":{"line":338,"column":3}},"132":{"start":{"line":325,"column":4},"end":{"line":325,"column":55}},"133":{"start":{"line":326,"column":4},"end":{"line":326,"column":45}},"134":{"start":{"line":327,"column":9},"end":{"line":338,"column":3}},"135":{"start":{"line":328,"column":4},"end":{"line":328,"column":72}},"136":{"start":{"line":329,"column":4},"end":{"line":329,"column":76}},"137":{"start":{"line":336,"column":4},"end":{"line":336,"column":66}},"138":{"start":{"line":337,"column":4},"end":{"line":337,"column":76}},"139":{"start":{"line":339,"column":2},"end":{"line":339,"column":33}},"140":{"start":{"line":340,"column":2},"end":{"line":340,"column":20}},"141":{"start":{"line":343,"column":0},"end":{"line":343,"column":33}},"142":{"start":{"line":350,"column":2},"end":{"line":350,"column":15}},"143":{"start":{"line":351,"column":18},"end":{"line":351,"column":19}},"144":{"start":{"line":353,"column":2},"end":{"line":357,"column":3}},"145":{"start":{"line":354,"column":4},"end":{"line":356,"column":5}},"146":{"start":{"line":355,"column":6},"end":{"line":355,"column":18}},"147":{"start":{"line":358,"column":2},"end":{"line":358,"column":57}},"148":{"start":{"line":359,"column":2},"end":{"line":389,"column":3}},"149":{"start":{"line":361,"column":4},"end":{"line":361,"column":56}},"150":{"start":{"line":362,"column":4},"end":{"line":367,"column":5}},"151":{"start":{"line":363,"column":6},"end":{"line":363,"column":57}},"152":{"start":{"line":364,"column":6},"end":{"line":364,"column":57}},"153":{"start":{"line":366,"column":6},"end":{"line":366,"column":52}},"154":{"start":{"line":368,"column":9},"end":{"line":389,"column":3}},"155":{"start":{"line":369,"column":4},"end":{"line":369,"column":73}},"156":{"start":{"line":370,"column":4},"end":{"line":375,"column":5}},"157":{"start":{"line":371,"column":6},"end":{"line":371,"column":57}},"158":{"start":{"line":372,"column":6},"end":{"line":372,"column":57}},"159":{"start":{"line":374,"column":6},"end":{"line":374,"column":78}},"160":{"start":{"line":382,"column":4},"end":{"line":382,"column":67}},"161":{"start":{"line":383,"column":4},"end":{"line":388,"column":5}},"162":{"start":{"line":384,"column":6},"end":{"line":384,"column":57}},"163":{"start":{"line":385,"column":6},"end":{"line":385,"column":57}},"164":{"start":{"line":387,"column":6},"end":{"line":387,"column":78}},"165":{"start":{"line":390,"column":2},"end":{"line":390,"column":33}},"166":{"start":{"line":391,"column":2},"end":{"line":391,"column":20}},"167":{"start":{"line":394,"column":0},"end":{"line":394,"column":33}},"168":{"start":{"line":405,"column":12},"end":{"line":405,"column":57}},"169":{"start":{"line":406,"column":19},"end":{"line":406,"column":71}},"170":{"start":{"line":408,"column":2},"end":{"line":423,"column":3}},"171":{"start":{"line":409,"column":4},"end":{"line":411,"column":6}},"172":{"start":{"line":412,"column":4},"end":{"line":412,"column":33}},"173":{"start":{"line":413,"column":9},"end":{"line":423,"column":3}},"174":{"start":{"line":414,"column":4},"end":{"line":416,"column":6}},"175":{"start":{"line":417,"column":4},"end":{"line":417,"column":33}},"176":{"start":{"line":418,"column":9},"end":{"line":423,"column":3}},"177":{"start":{"line":419,"column":4},"end":{"line":421,"column":6}},"178":{"start":{"line":422,"column":4},"end":{"line":422,"column":26}},"179":{"start":{"line":426,"column":2},"end":{"line":437,"column":3}},"180":{"start":{"line":428,"column":4},"end":{"line":435,"column":6}},"181":{"start":{"line":431,"column":8},"end":{"line":431,"column":29}},"182":{"start":{"line":432,"column":8},"end":{"line":432,"column":20}},"183":{"start":{"line":436,"column":4},"end":{"line":436,"column":22}},"184":{"start":{"line":440,"column":2},"end":{"line":442,"column":4}},"185":{"start":{"line":441,"column":4},"end":{"line":441,"column":16}},"186":{"start":{"line":443,"column":2},"end":{"line":445,"column":4}},"187":{"start":{"line":444,"column":4},"end":{"line":444,"column":16}},"188":{"start":{"line":447,"column":4},"end":{"line":450,"column":5}},"189":{"start":{"line":448,"column":6},"end":{"line":448,"column":25}},"190":{"start":{"line":449,"column":6},"end":{"line":449,"column":33}},"191":{"start":{"line":455,"column":20},"end":{"line":455,"column":59}},"192":{"start":{"line":456,"column":0},"end":{"line":458,"column":3}},"193":{"start":{"line":457,"column":2},"end":{"line":457,"column":17}},"194":{"start":{"line":463,"column":15},"end":{"line":463,"column":55}},"195":{"start":{"line":464,"column":15},"end":{"line":464,"column":55}},"196":{"start":{"line":465,"column":0},"end":{"line":470,"column":2}},"197":{"start":{"line":466,"column":2},"end":{"line":468,"column":10}},"198":{"start":{"line":469,"column":2},"end":{"line":469,"column":17}},"199":{"start":{"line":471,"column":0},"end":{"line":476,"column":2}},"200":{"start":{"line":472,"column":2},"end":{"line":474,"column":10}},"201":{"start":{"line":475,"column":2},"end":{"line":475,"column":17}},"202":{"start":{"line":479,"column":13},"end":{"line":479,"column":52}},"203":{"start":{"line":480,"column":0},"end":{"line":484,"column":1}},"204":{"start":{"line":481,"column":2},"end":{"line":483,"column":5}},"205":{"start":{"line":482,"column":4},"end":{"line":482,"column":19}}},"fnMap":{"0":{"name":"(anonymous_0)","decl":{"start":{"line":19,"column":44},"end":{"line":19,"column":45}},"loc":{"start":{"line":19,"column":50},"end":{"line":23,"column":1}},"line":19},"1":{"name":"timeAdvance","decl":{"start":{"line":34,"column":16},"end":{"line":34,"column":27}},"loc":{"start":{"line":34,"column":30},"end":{"line":105,"column":1}},"line":34},"2":{"name":"startButton","decl":{"start":{"line":120,"column":16},"end":{"line":120,"column":27}},"loc":{"start":{"line":120,"column":30},"end":{"line":132,"column":1}},"line":120},"3":{"name":"stopButton","decl":{"start":{"line":137,"column":16},"end":{"line":137,"column":26}},"loc":{"start":{"line":137,"column":29},"end":{"line":154,"column":1}},"line":137},"4":{"name":"resetButton","decl":{"start":{"line":160,"column":16},"end":{"line":160,"column":27}},"loc":{"start":{"line":160,"column":30},"end":{"line":173,"column":1}},"line":160},"5":{"name":"resetPomos","decl":{"start":{"line":179,"column":16},"end":{"line":179,"column":26}},"loc":{"start":{"line":179,"column":29},"end":{"line":182,"column":1}},"line":179},"6":{"name":"canChangeTask","decl":{"start":{"line":187,"column":16},"end":{"line":187,"column":29}},"loc":{"start":{"line":187,"column":32},"end":{"line":189,"column":1}},"line":187},"7":{"name":"saveSettings","decl":{"start":{"line":196,"column":9},"end":{"line":196,"column":21}},"loc":{"start":{"line":196,"column":24},"end":{"line":221,"column":1}},"line":196},"8":{"name":"loadSettings","decl":{"start":{"line":223,"column":9},"end":{"line":223,"column":21}},"loc":{"start":{"line":223,"column":24},"end":{"line":294,"column":1}},"line":223},"9":{"name":"(anonymous_9)","decl":{"start":{"line":298,"column":17},"end":{"line":298,"column":18}},"loc":{"start":{"line":298,"column":34},"end":{"line":302,"column":1}},"line":298},"10":{"name":"minuteChange","decl":{"start":{"line":310,"column":16},"end":{"line":310,"column":28}},"loc":{"start":{"line":310,"column":31},"end":{"line":342,"column":1}},"line":310},"11":{"name":"secondChange","decl":{"start":{"line":349,"column":16},"end":{"line":349,"column":28}},"loc":{"start":{"line":349,"column":31},"end":{"line":393,"column":1}},"line":349},"12":{"name":"sound","decl":{"start":{"line":404,"column":9},"end":{"line":404,"column":14}},"loc":{"start":{"line":404,"column":17},"end":{"line":452,"column":1}},"line":404},"13":{"name":"(anonymous_13)","decl":{"start":{"line":430,"column":6},"end":{"line":430,"column":7}},"loc":{"start":{"line":430,"column":18},"end":{"line":433,"column":7}},"line":430},"14":{"name":"(anonymous_14)","decl":{"start":{"line":440,"column":46},"end":{"line":440,"column":47}},"loc":{"start":{"line":440,"column":63},"end":{"line":442,"column":3}},"line":440},"15":{"name":"(anonymous_15)","decl":{"start":{"line":443,"column":49},"end":{"line":443,"column":50}},"loc":{"start":{"line":443,"column":66},"end":{"line":445,"column":3}},"line":443},"16":{"name":"stopAlarm","decl":{"start":{"line":446,"column":11},"end":{"line":446,"column":20}},"loc":{"start":{"line":446,"column":23},"end":{"line":451,"column":3}},"line":446},"17":{"name":"(anonymous_17)","decl":{"start":{"line":456,"column":39},"end":{"line":456,"column":40}},"loc":{"start":{"line":456,"column":51},"end":{"line":458,"column":1}},"line":456},"18":{"name":"(anonymous_18)","decl":{"start":{"line":465,"column":17},"end":{"line":465,"column":18}},"loc":{"start":{"line":465,"column":29},"end":{"line":470,"column":1}},"line":465},"19":{"name":"(anonymous_19)","decl":{"start":{"line":471,"column":17},"end":{"line":471,"column":18}},"loc":{"start":{"line":471,"column":29},"end":{"line":476,"column":1}},"line":471},"20":{"name":"(anonymous_20)","decl":{"start":{"line":481,"column":34},"end":{"line":481,"column":35}},"loc":{"start":{"line":481,"column":47},"end":{"line":483,"column":3}},"line":481}},"branchMap":{"0":{"loc":{"start":{"line":39,"column":11},"end":{"line":39,"column":46}},"type":"cond-expr","locations":[{"start":{"line":39,"column":25},"end":{"line":39,"column":37}},{"start":{"line":39,"column":40},"end":{"line":39,"column":46}}],"line":39},"1":{"loc":{"start":{"line":40,"column":12},"end":{"line":40,"column":50}},"type":"cond-expr","locations":[{"start":{"line":40,"column":27},"end":{"line":40,"column":40}},{"start":{"line":40,"column":43},"end":{"line":40,"column":50}}],"line":40},"2":{"loc":{"start":{"line":48,"column":2},"end":{"line":104,"column":3}},"type":"if","locations":[{"start":{"line":48,"column":2},"end":{"line":104,"column":3}},{"start":{"line":48,"column":2},"end":{"line":104,"column":3}}],"line":48},"3":{"loc":{"start":{"line":50,"column":4},"end":{"line":103,"column":5}},"type":"if","locations":[{"start":{"line":50,"column":4},"end":{"line":103,"column":5}},{"start":{"line":50,"column":4},"end":{"line":103,"column":5}}],"line":50},"4":{"loc":{"start":{"line":74,"column":6},"end":{"line":76,"column":7}},"type":"if","locations":[{"start":{"line":74,"column":6},"end":{"line":76,"column":7}},{"start":{"line":74,"column":6},"end":{"line":76,"column":7}}],"line":74},"5":{"loc":{"start":{"line":79,"column":6},"end":{"line":102,"column":7}},"type":"if","locations":[{"start":{"line":79,"column":6},"end":{"line":102,"column":7}},{"start":{"line":79,"column":6},"end":{"line":102,"column":7}}],"line":79},"6":{"loc":{"start":{"line":79,"column":10},"end":{"line":79,"column":62}},"type":"binary-expr","locations":[{"start":{"line":79,"column":10},"end":{"line":79,"column":45}},{"start":{"line":79,"column":49},"end":{"line":79,"column":62}}],"line":79},"7":{"loc":{"start":{"line":83,"column":8},"end":{"line":88,"column":9}},"type":"if","locations":[{"start":{"line":83,"column":8},"end":{"line":88,"column":9}},{"start":{"line":83,"column":8},"end":{"line":88,"column":9}}],"line":83},"8":{"loc":{"start":{"line":96,"column":8},"end":{"line":101,"column":9}},"type":"if","locations":[{"start":{"line":96,"column":8},"end":{"line":101,"column":9}},{"start":{"line":96,"column":8},"end":{"line":101,"column":9}}],"line":96},"9":{"loc":{"start":{"line":121,"column":2},"end":{"line":131,"column":3}},"type":"if","locations":[{"start":{"line":121,"column":2},"end":{"line":131,"column":3}},{"start":{"line":121,"column":2},"end":{"line":131,"column":3}}],"line":121},"10":{"loc":{"start":{"line":121,"column":6},"end":{"line":121,"column":33}},"type":"binary-expr","locations":[{"start":{"line":121,"column":6},"end":{"line":121,"column":13}},{"start":{"line":121,"column":17},"end":{"line":121,"column":33}}],"line":121},"11":{"loc":{"start":{"line":122,"column":4},"end":{"line":125,"column":5}},"type":"if","locations":[{"start":{"line":122,"column":4},"end":{"line":125,"column":5}},{"start":{"line":122,"column":4},"end":{"line":125,"column":5}}],"line":122},"12":{"loc":{"start":{"line":138,"column":2},"end":{"line":141,"column":3}},"type":"if","locations":[{"start":{"line":138,"column":2},"end":{"line":141,"column":3}},{"start":{"line":138,"column":2},"end":{"line":141,"column":3}}],"line":138},"13":{"loc":{"start":{"line":149,"column":11},"end":{"line":149,"column":46}},"type":"cond-expr","locations":[{"start":{"line":149,"column":25},"end":{"line":149,"column":37}},{"start":{"line":149,"column":40},"end":{"line":149,"column":46}}],"line":149},"14":{"loc":{"start":{"line":150,"column":12},"end":{"line":150,"column":50}},"type":"cond-expr","locations":[{"start":{"line":150,"column":27},"end":{"line":150,"column":40}},{"start":{"line":150,"column":43},"end":{"line":150,"column":50}}],"line":150},"15":{"loc":{"start":{"line":161,"column":2},"end":{"line":163,"column":3}},"type":"if","locations":[{"start":{"line":161,"column":2},"end":{"line":163,"column":3}},{"start":{"line":161,"column":2},"end":{"line":163,"column":3}}],"line":161},"16":{"loc":{"start":{"line":168,"column":11},"end":{"line":168,"column":46}},"type":"cond-expr","locations":[{"start":{"line":168,"column":25},"end":{"line":168,"column":37}},{"start":{"line":168,"column":40},"end":{"line":168,"column":46}}],"line":168},"17":{"loc":{"start":{"line":169,"column":12},"end":{"line":169,"column":50}},"type":"cond-expr","locations":[{"start":{"line":169,"column":27},"end":{"line":169,"column":40}},{"start":{"line":169,"column":43},"end":{"line":169,"column":50}}],"line":169},"18":{"loc":{"start":{"line":188,"column":9},"end":{"line":188,"column":39}},"type":"binary-expr","locations":[{"start":{"line":188,"column":9},"end":{"line":188,"column":17}},{"start":{"line":188,"column":21},"end":{"line":188,"column":39}}],"line":188},"19":{"loc":{"start":{"line":299,"column":2},"end":{"line":301,"column":3}},"type":"if","locations":[{"start":{"line":299,"column":2},"end":{"line":301,"column":3}},{"start":{"line":299,"column":2},"end":{"line":301,"column":3}}],"line":299},"20":{"loc":{"start":{"line":314,"column":2},"end":{"line":318,"column":3}},"type":"if","locations":[{"start":{"line":314,"column":2},"end":{"line":318,"column":3}},{"start":{"line":314,"column":2},"end":{"line":318,"column":3}}],"line":314},"21":{"loc":{"start":{"line":320,"column":2},"end":{"line":338,"column":3}},"type":"if","locations":[{"start":{"line":320,"column":2},"end":{"line":338,"column":3}},{"start":{"line":320,"column":2},"end":{"line":338,"column":3}}],"line":320},"22":{"loc":{"start":{"line":324,"column":9},"end":{"line":338,"column":3}},"type":"if","locations":[{"start":{"line":324,"column":9},"end":{"line":338,"column":3}},{"start":{"line":324,"column":9},"end":{"line":338,"column":3}}],"line":324},"23":{"loc":{"start":{"line":327,"column":9},"end":{"line":338,"column":3}},"type":"if","locations":[{"start":{"line":327,"column":9},"end":{"line":338,"column":3}},{"start":{"line":327,"column":9},"end":{"line":338,"column":3}}],"line":327},"24":{"loc":{"start":{"line":353,"column":2},"end":{"line":357,"column":3}},"type":"if","locations":[{"start":{"line":353,"column":2},"end":{"line":357,"column":3}},{"start":{"line":353,"column":2},"end":{"line":357,"column":3}}],"line":353},"25":{"loc":{"start":{"line":359,"column":2},"end":{"line":389,"column":3}},"type":"if","locations":[{"start":{"line":359,"column":2},"end":{"line":389,"column":3}},{"start":{"line":359,"column":2},"end":{"line":389,"column":3}}],"line":359},"26":{"loc":{"start":{"line":359,"column":6},"end":{"line":359,"column":55}},"type":"binary-expr","locations":[{"start":{"line":359,"column":6},"end":{"line":359,"column":28}},{"start":{"line":359,"column":32},"end":{"line":359,"column":55}}],"line":359},"27":{"loc":{"start":{"line":362,"column":4},"end":{"line":367,"column":5}},"type":"if","locations":[{"start":{"line":362,"column":4},"end":{"line":367,"column":5}},{"start":{"line":362,"column":4},"end":{"line":367,"column":5}}],"line":362},"28":{"loc":{"start":{"line":368,"column":9},"end":{"line":389,"column":3}},"type":"if","locations":[{"start":{"line":368,"column":9},"end":{"line":389,"column":3}},{"start":{"line":368,"column":9},"end":{"line":389,"column":3}}],"line":368},"29":{"loc":{"start":{"line":370,"column":4},"end":{"line":375,"column":5}},"type":"if","locations":[{"start":{"line":370,"column":4},"end":{"line":375,"column":5}},{"start":{"line":370,"column":4},"end":{"line":375,"column":5}}],"line":370},"30":{"loc":{"start":{"line":383,"column":4},"end":{"line":388,"column":5}},"type":"if","locations":[{"start":{"line":383,"column":4},"end":{"line":388,"column":5}},{"start":{"line":383,"column":4},"end":{"line":388,"column":5}}],"line":383},"31":{"loc":{"start":{"line":408,"column":2},"end":{"line":423,"column":3}},"type":"if","locations":[{"start":{"line":408,"column":2},"end":{"line":423,"column":3}},{"start":{"line":408,"column":2},"end":{"line":423,"column":3}}],"line":408},"32":{"loc":{"start":{"line":413,"column":9},"end":{"line":423,"column":3}},"type":"if","locations":[{"start":{"line":413,"column":9},"end":{"line":423,"column":3}},{"start":{"line":413,"column":9},"end":{"line":423,"column":3}}],"line":413},"33":{"loc":{"start":{"line":418,"column":9},"end":{"line":423,"column":3}},"type":"if","locations":[{"start":{"line":418,"column":9},"end":{"line":423,"column":3}},{"start":{"line":418,"column":9},"end":{"line":423,"column":3}}],"line":418},"34":{"loc":{"start":{"line":426,"column":2},"end":{"line":437,"column":3}},"type":"if","locations":[{"start":{"line":426,"column":2},"end":{"line":437,"column":3}},{"start":{"line":426,"column":2},"end":{"line":437,"column":3}}],"line":426},"35":{"loc":{"start":{"line":447,"column":4},"end":{"line":450,"column":5}},"type":"if","locations":[{"start":{"line":447,"column":4},"end":{"line":450,"column":5}},{"start":{"line":447,"column":4},"end":{"line":450,"column":5}}],"line":447},"36":{"loc":{"start":{"line":480,"column":0},"end":{"line":484,"column":1}},"type":"if","locations":[{"start":{"line":480,"column":0},"end":{"line":484,"column":1}},{"start":{"line":480,"column":0},"end":{"line":484,"column":1}}],"line":480}},"s":{"0":1,"1":0,"2":0,"3":0,"4":1,"5":1,"6":1,"7":1,"8":1,"9":58506,"10":58506,"11":58506,"12":58506,"13":58506,"14":58506,"15":58506,"16":58506,"17":53,"18":25,"19":25,"20":25,"21":25,"22":25,"23":25,"24":28,"25":28,"26":28,"27":28,"28":28,"29":28,"30":28,"31":28,"32":28,"33":28,"34":0,"35":28,"36":6,"37":6,"38":6,"39":0,"40":6,"41":22,"42":22,"43":22,"44":0,"45":22,"46":1,"47":1,"48":54,"49":54,"50":0,"51":54,"52":54,"53":54,"54":54,"55":54,"56":6077,"57":3,"58":3,"59":6077,"60":6077,"61":6077,"62":6077,"63":6077,"64":6077,"65":6077,"66":6077,"67":6077,"68":6077,"69":1,"70":10,"71":3,"72":10,"73":10,"74":10,"75":10,"76":10,"77":10,"78":10,"79":10,"80":1,"81":10,"82":10,"83":0,"84":0,"85":0,"86":0,"87":0,"88":0,"89":0,"90":0,"91":0,"92":0,"93":0,"94":0,"95":0,"96":0,"97":0,"98":0,"99":0,"100":0,"101":0,"102":0,"103":0,"104":0,"105":0,"106":0,"107":0,"108":0,"109":0,"110":0,"111":0,"112":0,"113":0,"114":0,"115":0,"116":1,"117":1,"118":0,"119":0,"120":1,"121":1,"122":3004,"123":3004,"124":3004,"125":1805,"126":0,"127":3004,"128":3004,"129":1,"130":1,"131":3003,"132":118,"133":118,"134":2885,"135":1080,"136":1080,"137":1805,"138":1805,"139":3004,"140":3004,"141":1,"142":3004,"143":3004,"144":3004,"145":2500,"146":0,"147":3004,"148":3004,"149":54,"150":54,"151":1,"152":1,"153":53,"154":2950,"155":450,"156":450,"157":0,"158":0,"159":450,"160":2500,"161":2500,"162":0,"163":0,"164":2500,"165":3004,"166":3004,"167":1,"168":53,"169":53,"170":53,"171":0,"172":0,"173":53,"174":0,"175":0,"176":53,"177":0,"178":0,"179":53,"180":0,"181":0,"182":0,"183":0,"184":53,"185":0,"186":53,"187":0,"188":0,"189":0,"190":0,"191":1,"192":1,"193":0,"194":1,"195":1,"196":1,"197":0,"198":0,"199":1,"200":0,"201":0,"202":1,"203":1,"204":0,"205":0},"f":{"0":0,"1":58506,"2":54,"3":6077,"4":10,"5":10,"6":0,"7":0,"8":0,"9":0,"10":3004,"11":3004,"12":53,"13":0,"14":0,"15":0,"16":0,"17":0,"18":0,"19":0,"20":0},"b":{"0":[26100,32406],"1":[9750,48756],"2":[53,58453],"3":[25,28],"4":[0,28],"5":[6,22],"6":[28,6],"7":[0,6],"8":[0,22],"9":[54,0],"10":[54,29],"11":[0,54],"12":[3,6074],"13":[2422,3655],"14":[1075,5002],"15":[3,7],"16":[2,8],"17":[10,0],"18":[0,0],"19":[0,0],"20":[1805,1199],"21":[1,3003],"22":[118,2885],"23":[1080,1805],"24":[2500,504],"25":[54,2950],"26":[3004,3003],"27":[1,53],"28":[450,2500],"29":[0,450],"30":[0,2500],"31":[0,53],"32":[0,53],"33":[0,53],"34":[0,53],"35":[0,0],"36":[0,1]},"_coverageSchema":"1a1c01bbd47fc00a2c39e90264f33305004495a9","hash":"f5b646583570ac36956055c6b0a4ca8e0d5c4eb9"}
}
