{"/home/jamie/School/CSE 110/cse110-w21-group11/source/scripts/settings.js": {"path":"/home/jamie/School/CSE 110/cse110-w21-group11/source/scripts/settings.js","statementMap":{"0":{"start":{"line":17,"column":21},"end":{"line":17,"column":28}},"1":{"start":{"line":18,"column":20},"end":{"line":18,"column":34}},"2":{"start":{"line":19,"column":15},"end":{"line":19,"column":16}},"3":{"start":{"line":20,"column":17},"end":{"line":20,"column":21}},"4":{"start":{"line":21,"column":14},"end":{"line":21,"column":19}},"5":{"start":{"line":27,"column":2},"end":{"line":27,"column":18}},"6":{"start":{"line":29,"column":15},"end":{"line":29,"column":52}},"7":{"start":{"line":30,"column":16},"end":{"line":30,"column":46}},"8":{"start":{"line":31,"column":2},"end":{"line":31,"column":47}},"9":{"start":{"line":32,"column":2},"end":{"line":32,"column":51}},"10":{"start":{"line":33,"column":2},"end":{"line":33,"column":55}},"11":{"start":{"line":34,"column":2},"end":{"line":34,"column":57}},"12":{"start":{"line":40,"column":2},"end":{"line":90,"column":3}},"13":{"start":{"line":42,"column":4},"end":{"line":89,"column":5}},"14":{"start":{"line":43,"column":6},"end":{"line":43,"column":22}},"15":{"start":{"line":45,"column":6},"end":{"line":45,"column":32}},"16":{"start":{"line":46,"column":6},"end":{"line":46,"column":37}},"17":{"start":{"line":47,"column":6},"end":{"line":47,"column":14}},"18":{"start":{"line":51,"column":6},"end":{"line":51,"column":21}},"19":{"start":{"line":52,"column":6},"end":{"line":52,"column":17}},"20":{"start":{"line":53,"column":6},"end":{"line":54,"column":52}},"21":{"start":{"line":55,"column":6},"end":{"line":55,"column":32}},"22":{"start":{"line":56,"column":6},"end":{"line":56,"column":14}},"23":{"start":{"line":58,"column":32},"end":{"line":58,"column":74}},"24":{"start":{"line":60,"column":6},"end":{"line":62,"column":7}},"25":{"start":{"line":61,"column":8},"end":{"line":61,"column":32}},"26":{"start":{"line":65,"column":6},"end":{"line":88,"column":7}},"27":{"start":{"line":66,"column":8},"end":{"line":66,"column":43}},"28":{"start":{"line":68,"column":36},"end":{"line":68,"column":79}},"29":{"start":{"line":69,"column":8},"end":{"line":74,"column":9}},"30":{"start":{"line":71,"column":10},"end":{"line":71,"column":34}},"31":{"start":{"line":73,"column":10},"end":{"line":73,"column":51}},"32":{"start":{"line":78,"column":8},"end":{"line":78,"column":44}},"33":{"start":{"line":80,"column":37},"end":{"line":81,"column":16}},"34":{"start":{"line":82,"column":8},"end":{"line":87,"column":9}},"35":{"start":{"line":84,"column":10},"end":{"line":84,"column":33}},"36":{"start":{"line":86,"column":10},"end":{"line":86,"column":52}},"37":{"start":{"line":93,"column":0},"end":{"line":94,"column":46}},"38":{"start":{"line":100,"column":15},"end":{"line":100,"column":48}},"39":{"start":{"line":107,"column":2},"end":{"line":110,"column":3}},"40":{"start":{"line":109,"column":4},"end":{"line":109,"column":28}},"41":{"start":{"line":111,"column":2},"end":{"line":111,"column":46}},"42":{"start":{"line":112,"column":2},"end":{"line":112,"column":51}},"43":{"start":{"line":113,"column":2},"end":{"line":113,"column":47}},"44":{"start":{"line":114,"column":2},"end":{"line":114,"column":67}},"45":{"start":{"line":115,"column":2},"end":{"line":115,"column":24}},"46":{"start":{"line":122,"column":2},"end":{"line":124,"column":3}},"47":{"start":{"line":123,"column":4},"end":{"line":123,"column":30}},"48":{"start":{"line":125,"column":2},"end":{"line":125,"column":50}},"49":{"start":{"line":126,"column":2},"end":{"line":126,"column":48}},"50":{"start":{"line":127,"column":2},"end":{"line":127,"column":68}},"51":{"start":{"line":130,"column":15},"end":{"line":130,"column":52}},"52":{"start":{"line":131,"column":16},"end":{"line":131,"column":46}},"53":{"start":{"line":132,"column":2},"end":{"line":132,"column":47}},"54":{"start":{"line":133,"column":2},"end":{"line":133,"column":51}},"55":{"start":{"line":134,"column":2},"end":{"line":134,"column":55}},"56":{"start":{"line":135,"column":2},"end":{"line":135,"column":57}},"57":{"start":{"line":136,"column":2},"end":{"line":136,"column":31}},"58":{"start":{"line":138,"column":0},"end":{"line":138,"column":46}},"59":{"start":{"line":144,"column":2},"end":{"line":144,"column":33}},"60":{"start":{"line":146,"column":15},"end":{"line":146,"column":52}},"61":{"start":{"line":147,"column":16},"end":{"line":147,"column":46}},"62":{"start":{"line":148,"column":2},"end":{"line":148,"column":47}},"63":{"start":{"line":149,"column":2},"end":{"line":149,"column":51}},"64":{"start":{"line":150,"column":2},"end":{"line":150,"column":55}},"65":{"start":{"line":151,"column":2},"end":{"line":151,"column":57}},"66":{"start":{"line":153,"column":0},"end":{"line":153,"column":76}},"67":{"start":{"line":159,"column":2},"end":{"line":159,"column":15}},"68":{"start":{"line":160,"column":2},"end":{"line":160,"column":18}},"69":{"start":{"line":168,"column":14},"end":{"line":168,"column":55}},"70":{"start":{"line":169,"column":0},"end":{"line":173,"column":2}},"71":{"start":{"line":170,"column":2},"end":{"line":172,"column":3}},"72":{"start":{"line":171,"column":4},"end":{"line":171,"column":33}},"73":{"start":{"line":175,"column":18},"end":{"line":175,"column":53}},"74":{"start":{"line":176,"column":18},"end":{"line":176,"column":53}},"75":{"start":{"line":182,"column":2},"end":{"line":182,"column":15}},"76":{"start":{"line":183,"column":18},"end":{"line":183,"column":19}},"77":{"start":{"line":185,"column":2},"end":{"line":189,"column":3}},"78":{"start":{"line":186,"column":4},"end":{"line":188,"column":5}},"79":{"start":{"line":187,"column":6},"end":{"line":187,"column":18}},"80":{"start":{"line":190,"column":2},"end":{"line":190,"column":57}},"81":{"start":{"line":191,"column":2},"end":{"line":208,"column":3}},"82":{"start":{"line":192,"column":4},"end":{"line":192,"column":27}},"83":{"start":{"line":193,"column":4},"end":{"line":193,"column":55}},"84":{"start":{"line":194,"column":4},"end":{"line":194,"column":55}},"85":{"start":{"line":195,"column":9},"end":{"line":208,"column":3}},"86":{"start":{"line":196,"column":4},"end":{"line":196,"column":55}},"87":{"start":{"line":197,"column":4},"end":{"line":197,"column":45}},"88":{"start":{"line":198,"column":9},"end":{"line":208,"column":3}},"89":{"start":{"line":199,"column":4},"end":{"line":199,"column":72}},"90":{"start":{"line":200,"column":4},"end":{"line":200,"column":76}},"91":{"start":{"line":201,"column":9},"end":{"line":208,"column":3}},"92":{"start":{"line":203,"column":4},"end":{"line":203,"column":25}},"93":{"start":{"line":204,"column":4},"end":{"line":204,"column":76}},"94":{"start":{"line":206,"column":4},"end":{"line":206,"column":66}},"95":{"start":{"line":207,"column":4},"end":{"line":207,"column":76}},"96":{"start":{"line":209,"column":2},"end":{"line":209,"column":33}},"97":{"start":{"line":210,"column":2},"end":{"line":210,"column":20}},"98":{"start":{"line":212,"column":0},"end":{"line":212,"column":33}},"99":{"start":{"line":219,"column":2},"end":{"line":219,"column":15}},"100":{"start":{"line":220,"column":18},"end":{"line":220,"column":19}},"101":{"start":{"line":222,"column":2},"end":{"line":226,"column":3}},"102":{"start":{"line":223,"column":4},"end":{"line":225,"column":5}},"103":{"start":{"line":224,"column":6},"end":{"line":224,"column":18}},"104":{"start":{"line":227,"column":2},"end":{"line":227,"column":57}},"105":{"start":{"line":228,"column":2},"end":{"line":242,"column":3}},"106":{"start":{"line":229,"column":4},"end":{"line":229,"column":24}},"107":{"start":{"line":230,"column":4},"end":{"line":230,"column":56}},"108":{"start":{"line":231,"column":4},"end":{"line":231,"column":50}},"109":{"start":{"line":232,"column":9},"end":{"line":242,"column":3}},"110":{"start":{"line":233,"column":4},"end":{"line":233,"column":73}},"111":{"start":{"line":234,"column":4},"end":{"line":234,"column":76}},"112":{"start":{"line":235,"column":9},"end":{"line":242,"column":3}},"113":{"start":{"line":237,"column":4},"end":{"line":237,"column":25}},"114":{"start":{"line":238,"column":4},"end":{"line":238,"column":76}},"115":{"start":{"line":240,"column":4},"end":{"line":240,"column":67}},"116":{"start":{"line":241,"column":4},"end":{"line":241,"column":76}},"117":{"start":{"line":243,"column":2},"end":{"line":243,"column":33}},"118":{"start":{"line":244,"column":2},"end":{"line":244,"column":20}},"119":{"start":{"line":246,"column":0},"end":{"line":246,"column":33}},"120":{"start":{"line":258,"column":12},"end":{"line":258,"column":57}},"121":{"start":{"line":259,"column":19},"end":{"line":259,"column":71}},"122":{"start":{"line":261,"column":2},"end":{"line":276,"column":3}},"123":{"start":{"line":262,"column":4},"end":{"line":264,"column":6}},"124":{"start":{"line":265,"column":4},"end":{"line":265,"column":33}},"125":{"start":{"line":266,"column":9},"end":{"line":276,"column":3}},"126":{"start":{"line":267,"column":4},"end":{"line":269,"column":6}},"127":{"start":{"line":270,"column":4},"end":{"line":270,"column":33}},"128":{"start":{"line":271,"column":9},"end":{"line":276,"column":3}},"129":{"start":{"line":272,"column":4},"end":{"line":274,"column":6}},"130":{"start":{"line":275,"column":4},"end":{"line":275,"column":26}},"131":{"start":{"line":279,"column":2},"end":{"line":290,"column":3}},"132":{"start":{"line":281,"column":4},"end":{"line":288,"column":6}},"133":{"start":{"line":284,"column":8},"end":{"line":284,"column":29}},"134":{"start":{"line":285,"column":8},"end":{"line":285,"column":20}},"135":{"start":{"line":289,"column":4},"end":{"line":289,"column":22}},"136":{"start":{"line":293,"column":2},"end":{"line":295,"column":4}},"137":{"start":{"line":294,"column":4},"end":{"line":294,"column":16}},"138":{"start":{"line":296,"column":2},"end":{"line":298,"column":4}},"139":{"start":{"line":297,"column":4},"end":{"line":297,"column":16}},"140":{"start":{"line":300,"column":4},"end":{"line":303,"column":5}},"141":{"start":{"line":301,"column":6},"end":{"line":301,"column":25}},"142":{"start":{"line":302,"column":6},"end":{"line":302,"column":33}},"143":{"start":{"line":310,"column":15},"end":{"line":310,"column":55}},"144":{"start":{"line":311,"column":15},"end":{"line":311,"column":55}},"145":{"start":{"line":312,"column":0},"end":{"line":316,"column":2}},"146":{"start":{"line":313,"column":2},"end":{"line":315,"column":10}},"147":{"start":{"line":317,"column":0},"end":{"line":321,"column":2}},"148":{"start":{"line":318,"column":2},"end":{"line":320,"column":10}}},"fnMap":{"0":{"name":"timeAdvance","decl":{"start":{"line":26,"column":16},"end":{"line":26,"column":27}},"loc":{"start":{"line":26,"column":30},"end":{"line":91,"column":1}},"line":26},"1":{"name":"startButton","decl":{"start":{"line":106,"column":16},"end":{"line":106,"column":27}},"loc":{"start":{"line":106,"column":30},"end":{"line":116,"column":1}},"line":106},"2":{"name":"stopButton","decl":{"start":{"line":121,"column":16},"end":{"line":121,"column":26}},"loc":{"start":{"line":121,"column":29},"end":{"line":137,"column":1}},"line":121},"3":{"name":"resetButton","decl":{"start":{"line":143,"column":16},"end":{"line":143,"column":27}},"loc":{"start":{"line":143,"column":30},"end":{"line":152,"column":1}},"line":143},"4":{"name":"resetPomos","decl":{"start":{"line":158,"column":16},"end":{"line":158,"column":26}},"loc":{"start":{"line":158,"column":29},"end":{"line":161,"column":1}},"line":158},"5":{"name":"(anonymous_5)","decl":{"start":{"line":169,"column":17},"end":{"line":169,"column":18}},"loc":{"start":{"line":169,"column":34},"end":{"line":173,"column":1}},"line":169},"6":{"name":"minuteChange","decl":{"start":{"line":181,"column":16},"end":{"line":181,"column":28}},"loc":{"start":{"line":181,"column":31},"end":{"line":211,"column":1}},"line":181},"7":{"name":"secondChange","decl":{"start":{"line":218,"column":16},"end":{"line":218,"column":28}},"loc":{"start":{"line":218,"column":31},"end":{"line":245,"column":1}},"line":218},"8":{"name":"sound","decl":{"start":{"line":256,"column":9},"end":{"line":256,"column":14}},"loc":{"start":{"line":256,"column":17},"end":{"line":305,"column":1}},"line":256},"9":{"name":"(anonymous_9)","decl":{"start":{"line":283,"column":6},"end":{"line":283,"column":7}},"loc":{"start":{"line":283,"column":18},"end":{"line":286,"column":7}},"line":283},"10":{"name":"(anonymous_10)","decl":{"start":{"line":293,"column":46},"end":{"line":293,"column":47}},"loc":{"start":{"line":293,"column":63},"end":{"line":295,"column":3}},"line":293},"11":{"name":"(anonymous_11)","decl":{"start":{"line":296,"column":49},"end":{"line":296,"column":50}},"loc":{"start":{"line":296,"column":66},"end":{"line":298,"column":3}},"line":296},"12":{"name":"stopAlarm","decl":{"start":{"line":299,"column":11},"end":{"line":299,"column":20}},"loc":{"start":{"line":299,"column":23},"end":{"line":304,"column":3}},"line":299},"13":{"name":"(anonymous_13)","decl":{"start":{"line":312,"column":17},"end":{"line":312,"column":18}},"loc":{"start":{"line":312,"column":29},"end":{"line":316,"column":1}},"line":312},"14":{"name":"(anonymous_14)","decl":{"start":{"line":317,"column":17},"end":{"line":317,"column":18}},"loc":{"start":{"line":317,"column":29},"end":{"line":321,"column":1}},"line":317}},"branchMap":{"0":{"loc":{"start":{"line":31,"column":11},"end":{"line":31,"column":46}},"type":"cond-expr","locations":[{"start":{"line":31,"column":25},"end":{"line":31,"column":37}},{"start":{"line":31,"column":40},"end":{"line":31,"column":46}}],"line":31},"1":{"loc":{"start":{"line":32,"column":12},"end":{"line":32,"column":50}},"type":"cond-expr","locations":[{"start":{"line":32,"column":27},"end":{"line":32,"column":40}},{"start":{"line":32,"column":43},"end":{"line":32,"column":50}}],"line":32},"2":{"loc":{"start":{"line":40,"column":2},"end":{"line":90,"column":3}},"type":"if","locations":[{"start":{"line":40,"column":2},"end":{"line":90,"column":3}},{"start":{"line":40,"column":2},"end":{"line":90,"column":3}}],"line":40},"3":{"loc":{"start":{"line":42,"column":4},"end":{"line":89,"column":5}},"type":"if","locations":[{"start":{"line":42,"column":4},"end":{"line":89,"column":5}},{"start":{"line":42,"column":4},"end":{"line":89,"column":5}}],"line":42},"4":{"loc":{"start":{"line":60,"column":6},"end":{"line":62,"column":7}},"type":"if","locations":[{"start":{"line":60,"column":6},"end":{"line":62,"column":7}},{"start":{"line":60,"column":6},"end":{"line":62,"column":7}}],"line":60},"5":{"loc":{"start":{"line":65,"column":6},"end":{"line":88,"column":7}},"type":"if","locations":[{"start":{"line":65,"column":6},"end":{"line":88,"column":7}},{"start":{"line":65,"column":6},"end":{"line":88,"column":7}}],"line":65},"6":{"loc":{"start":{"line":65,"column":10},"end":{"line":65,"column":62}},"type":"binary-expr","locations":[{"start":{"line":65,"column":10},"end":{"line":65,"column":45}},{"start":{"line":65,"column":49},"end":{"line":65,"column":62}}],"line":65},"7":{"loc":{"start":{"line":69,"column":8},"end":{"line":74,"column":9}},"type":"if","locations":[{"start":{"line":69,"column":8},"end":{"line":74,"column":9}},{"start":{"line":69,"column":8},"end":{"line":74,"column":9}}],"line":69},"8":{"loc":{"start":{"line":82,"column":8},"end":{"line":87,"column":9}},"type":"if","locations":[{"start":{"line":82,"column":8},"end":{"line":87,"column":9}},{"start":{"line":82,"column":8},"end":{"line":87,"column":9}}],"line":82},"9":{"loc":{"start":{"line":107,"column":2},"end":{"line":110,"column":3}},"type":"if","locations":[{"start":{"line":107,"column":2},"end":{"line":110,"column":3}},{"start":{"line":107,"column":2},"end":{"line":110,"column":3}}],"line":107},"10":{"loc":{"start":{"line":122,"column":2},"end":{"line":124,"column":3}},"type":"if","locations":[{"start":{"line":122,"column":2},"end":{"line":124,"column":3}},{"start":{"line":122,"column":2},"end":{"line":124,"column":3}}],"line":122},"11":{"loc":{"start":{"line":132,"column":11},"end":{"line":132,"column":46}},"type":"cond-expr","locations":[{"start":{"line":132,"column":25},"end":{"line":132,"column":37}},{"start":{"line":132,"column":40},"end":{"line":132,"column":46}}],"line":132},"12":{"loc":{"start":{"line":133,"column":12},"end":{"line":133,"column":50}},"type":"cond-expr","locations":[{"start":{"line":133,"column":27},"end":{"line":133,"column":40}},{"start":{"line":133,"column":43},"end":{"line":133,"column":50}}],"line":133},"13":{"loc":{"start":{"line":148,"column":11},"end":{"line":148,"column":46}},"type":"cond-expr","locations":[{"start":{"line":148,"column":25},"end":{"line":148,"column":37}},{"start":{"line":148,"column":40},"end":{"line":148,"column":46}}],"line":148},"14":{"loc":{"start":{"line":149,"column":12},"end":{"line":149,"column":50}},"type":"cond-expr","locations":[{"start":{"line":149,"column":27},"end":{"line":149,"column":40}},{"start":{"line":149,"column":43},"end":{"line":149,"column":50}}],"line":149},"15":{"loc":{"start":{"line":170,"column":2},"end":{"line":172,"column":3}},"type":"if","locations":[{"start":{"line":170,"column":2},"end":{"line":172,"column":3}},{"start":{"line":170,"column":2},"end":{"line":172,"column":3}}],"line":170},"16":{"loc":{"start":{"line":185,"column":2},"end":{"line":189,"column":3}},"type":"if","locations":[{"start":{"line":185,"column":2},"end":{"line":189,"column":3}},{"start":{"line":185,"column":2},"end":{"line":189,"column":3}}],"line":185},"17":{"loc":{"start":{"line":191,"column":2},"end":{"line":208,"column":3}},"type":"if","locations":[{"start":{"line":191,"column":2},"end":{"line":208,"column":3}},{"start":{"line":191,"column":2},"end":{"line":208,"column":3}}],"line":191},"18":{"loc":{"start":{"line":195,"column":9},"end":{"line":208,"column":3}},"type":"if","locations":[{"start":{"line":195,"column":9},"end":{"line":208,"column":3}},{"start":{"line":195,"column":9},"end":{"line":208,"column":3}}],"line":195},"19":{"loc":{"start":{"line":198,"column":9},"end":{"line":208,"column":3}},"type":"if","locations":[{"start":{"line":198,"column":9},"end":{"line":208,"column":3}},{"start":{"line":198,"column":9},"end":{"line":208,"column":3}}],"line":198},"20":{"loc":{"start":{"line":201,"column":9},"end":{"line":208,"column":3}},"type":"if","locations":[{"start":{"line":201,"column":9},"end":{"line":208,"column":3}},{"start":{"line":201,"column":9},"end":{"line":208,"column":3}}],"line":201},"21":{"loc":{"start":{"line":222,"column":2},"end":{"line":226,"column":3}},"type":"if","locations":[{"start":{"line":222,"column":2},"end":{"line":226,"column":3}},{"start":{"line":222,"column":2},"end":{"line":226,"column":3}}],"line":222},"22":{"loc":{"start":{"line":228,"column":2},"end":{"line":242,"column":3}},"type":"if","locations":[{"start":{"line":228,"column":2},"end":{"line":242,"column":3}},{"start":{"line":228,"column":2},"end":{"line":242,"column":3}}],"line":228},"23":{"loc":{"start":{"line":228,"column":6},"end":{"line":228,"column":55}},"type":"binary-expr","locations":[{"start":{"line":228,"column":6},"end":{"line":228,"column":28}},{"start":{"line":228,"column":32},"end":{"line":228,"column":55}}],"line":228},"24":{"loc":{"start":{"line":232,"column":9},"end":{"line":242,"column":3}},"type":"if","locations":[{"start":{"line":232,"column":9},"end":{"line":242,"column":3}},{"start":{"line":232,"column":9},"end":{"line":242,"column":3}}],"line":232},"25":{"loc":{"start":{"line":235,"column":9},"end":{"line":242,"column":3}},"type":"if","locations":[{"start":{"line":235,"column":9},"end":{"line":242,"column":3}},{"start":{"line":235,"column":9},"end":{"line":242,"column":3}}],"line":235},"26":{"loc":{"start":{"line":261,"column":2},"end":{"line":276,"column":3}},"type":"if","locations":[{"start":{"line":261,"column":2},"end":{"line":276,"column":3}},{"start":{"line":261,"column":2},"end":{"line":276,"column":3}}],"line":261},"27":{"loc":{"start":{"line":266,"column":9},"end":{"line":276,"column":3}},"type":"if","locations":[{"start":{"line":266,"column":9},"end":{"line":276,"column":3}},{"start":{"line":266,"column":9},"end":{"line":276,"column":3}}],"line":266},"28":{"loc":{"start":{"line":271,"column":9},"end":{"line":276,"column":3}},"type":"if","locations":[{"start":{"line":271,"column":9},"end":{"line":276,"column":3}},{"start":{"line":271,"column":9},"end":{"line":276,"column":3}}],"line":271},"29":{"loc":{"start":{"line":279,"column":2},"end":{"line":290,"column":3}},"type":"if","locations":[{"start":{"line":279,"column":2},"end":{"line":290,"column":3}},{"start":{"line":279,"column":2},"end":{"line":290,"column":3}}],"line":279},"30":{"loc":{"start":{"line":300,"column":4},"end":{"line":303,"column":5}},"type":"if","locations":[{"start":{"line":300,"column":4},"end":{"line":303,"column":5}},{"start":{"line":300,"column":4},"end":{"line":303,"column":5}}],"line":300}},"s":{"0":1,"1":1,"2":1,"3":1,"4":1,"5":58506,"6":58506,"7":58506,"8":58506,"9":58506,"10":58506,"11":58506,"12":58506,"13":53,"14":25,"15":25,"16":25,"17":25,"18":28,"19":28,"20":28,"21":28,"22":28,"23":28,"24":28,"25":0,"26":28,"27":6,"28":6,"29":6,"30":0,"31":6,"32":22,"33":22,"34":22,"35":0,"36":22,"37":1,"38":1,"39":53,"40":0,"41":53,"42":53,"43":53,"44":53,"45":53,"46":6067,"47":56,"48":6067,"49":6067,"50":6067,"51":6067,"52":6067,"53":6067,"54":6067,"55":6067,"56":6067,"57":6067,"58":1,"59":10,"60":10,"61":10,"62":10,"63":10,"64":10,"65":10,"66":1,"67":10,"68":10,"69":1,"70":1,"71":0,"72":0,"73":1,"74":1,"75":3004,"76":3004,"77":3004,"78":1805,"79":0,"80":3004,"81":3004,"82":1,"83":1,"84":1,"85":3003,"86":118,"87":118,"88":2885,"89":1080,"90":1080,"91":1805,"92":0,"93":0,"94":1805,"95":1805,"96":3004,"97":3004,"98":1,"99":3004,"100":3004,"101":3004,"102":2500,"103":0,"104":3004,"105":3004,"106":54,"107":54,"108":54,"109":2950,"110":450,"111":450,"112":2500,"113":0,"114":0,"115":2500,"116":2500,"117":3004,"118":3004,"119":1,"120":53,"121":53,"122":53,"123":0,"124":0,"125":53,"126":0,"127":0,"128":53,"129":0,"130":0,"131":53,"132":0,"133":0,"134":0,"135":0,"136":53,"137":0,"138":53,"139":0,"140":0,"141":0,"142":0,"143":1,"144":1,"145":1,"146":0,"147":1,"148":0},"f":{"0":58506,"1":53,"2":6067,"3":10,"4":10,"5":0,"6":3004,"7":3004,"8":53,"9":0,"10":0,"11":0,"12":0,"13":0,"14":0},"b":{"0":[26100,32406],"1":[9750,48756],"2":[53,58453],"3":[25,28],"4":[0,28],"5":[6,22],"6":[28,6],"7":[0,6],"8":[0,22],"9":[0,53],"10":[56,6011],"11":[2420,3647],"12":[1065,5002],"13":[2,8],"14":[10,0],"15":[0,0],"16":[1805,1199],"17":[1,3003],"18":[118,2885],"19":[1080,1805],"20":[0,1805],"21":[2500,504],"22":[54,2950],"23":[3004,3003],"24":[450,2500],"25":[0,2500],"26":[0,53],"27":[0,53],"28":[0,53],"29":[0,53],"30":[0,0]},"_coverageSchema":"1a1c01bbd47fc00a2c39e90264f33305004495a9","hash":"50252cf37fcd937ab1e9dfada52c778e38dafaa8"}
}
