TN:
SF:source/scripts/settings.js
FN:26,timeAdvance
FN:106,startButton
FN:121,stopButton
FN:143,resetButton
FN:158,resetPomos
FN:169,(anonymous_5)
FN:181,minuteChange
FN:218,secondChange
FN:256,sound
FN:283,(anonymous_9)
FN:293,(anonymous_10)
FN:296,(anonymous_11)
FN:299,stopAlarm
FN:312,(anonymous_13)
FN:317,(anonymous_14)
FNF:15
FNH:8
FNDA:58506,timeAdvance
FNDA:53,startButton
FNDA:6067,stopButton
FNDA:10,resetButton
FNDA:10,resetPomos
FNDA:0,(anonymous_5)
FNDA:3004,minuteChange
FNDA:3004,secondChange
FNDA:53,sound
FNDA:0,(anonymous_9)
FNDA:0,(anonymous_10)
FNDA:0,(anonymous_11)
FNDA:0,stopAlarm
FNDA:0,(anonymous_13)
FNDA:0,(anonymous_14)
DA:17,1
DA:18,1
DA:19,1
DA:20,1
DA:21,1
DA:27,58506
DA:29,58506
DA:30,58506
DA:31,58506
DA:32,58506
DA:33,58506
DA:34,58506
DA:40,58506
DA:42,53
DA:43,25
DA:45,25
DA:46,25
DA:47,25
DA:51,28
DA:52,28
DA:53,28
DA:55,28
DA:56,28
DA:58,28
DA:60,28
DA:61,0
DA:65,28
DA:66,6
DA:68,6
DA:69,6
DA:71,0
DA:73,6
DA:78,22
DA:80,22
DA:82,22
DA:84,0
DA:86,22
DA:93,1
DA:100,1
DA:107,53
DA:109,0
DA:111,53
DA:112,53
DA:113,53
DA:114,53
DA:115,53
DA:122,6067
DA:123,56
DA:125,6067
DA:126,6067
DA:127,6067
DA:130,6067
DA:131,6067
DA:132,6067
DA:133,6067
DA:134,6067
DA:135,6067
DA:136,6067
DA:138,1
DA:144,10
DA:146,10
DA:147,10
DA:148,10
DA:149,10
DA:150,10
DA:151,10
DA:153,1
DA:159,10
DA:160,10
DA:168,1
DA:169,1
DA:170,0
DA:171,0
DA:175,1
DA:176,1
DA:182,3004
DA:183,3004
DA:185,3004
DA:186,1805
DA:187,0
DA:190,3004
DA:191,3004
DA:192,1
DA:193,1
DA:194,1
DA:195,3003
DA:196,118
DA:197,118
DA:198,2885
DA:199,1080
DA:200,1080
DA:201,1805
DA:203,0
DA:204,0
DA:206,1805
DA:207,1805
DA:209,3004
DA:210,3004
DA:212,1
DA:219,3004
DA:220,3004
DA:222,3004
DA:223,2500
DA:224,0
DA:227,3004
DA:228,3004
DA:229,54
DA:230,54
DA:231,54
DA:232,2950
DA:233,450
DA:234,450
DA:235,2500
DA:237,0
DA:238,0
DA:240,2500
DA:241,2500
DA:243,3004
DA:244,3004
DA:246,1
DA:258,53
DA:259,53
DA:261,53
DA:262,0
DA:265,0
DA:266,53
DA:267,0
DA:270,0
DA:271,53
DA:272,0
DA:275,0
DA:279,53
DA:281,0
DA:284,0
DA:285,0
DA:289,0
DA:293,53
DA:294,0
DA:296,53
DA:297,0
DA:300,0
DA:301,0
DA:302,0
DA:310,1
DA:311,1
DA:312,1
DA:313,0
DA:317,1
DA:318,0
LF:149
LH:120
BRDA:31,0,0,26100
BRDA:31,0,1,32406
BRDA:32,1,0,9750
BRDA:32,1,1,48756
BRDA:40,2,0,53
BRDA:40,2,1,58453
BRDA:42,3,0,25
BRDA:42,3,1,28
BRDA:60,4,0,0
BRDA:60,4,1,28
BRDA:65,5,0,6
BRDA:65,5,1,22
BRDA:65,6,0,28
BRDA:65,6,1,6
BRDA:69,7,0,0
BRDA:69,7,1,6
BRDA:82,8,0,0
BRDA:82,8,1,22
BRDA:107,9,0,0
BRDA:107,9,1,53
BRDA:122,10,0,56
BRDA:122,10,1,6011
BRDA:132,11,0,2420
BRDA:132,11,1,3647
BRDA:133,12,0,1065
BRDA:133,12,1,5002
BRDA:148,13,0,2
BRDA:148,13,1,8
BRDA:149,14,0,10
BRDA:149,14,1,0
BRDA:170,15,0,0
BRDA:170,15,1,0
BRDA:185,16,0,1805
BRDA:185,16,1,1199
BRDA:191,17,0,1
BRDA:191,17,1,3003
BRDA:195,18,0,118
BRDA:195,18,1,2885
BRDA:198,19,0,1080
BRDA:198,19,1,1805
BRDA:201,20,0,0
BRDA:201,20,1,1805
BRDA:222,21,0,2500
BRDA:222,21,1,504
BRDA:228,22,0,54
BRDA:228,22,1,2950
BRDA:228,23,0,3004
BRDA:228,23,1,3003
BRDA:232,24,0,450
BRDA:232,24,1,2500
BRDA:235,25,0,0
BRDA:235,25,1,2500
BRDA:261,26,0,0
BRDA:261,26,1,53
BRDA:266,27,0,0
BRDA:266,27,1,53
BRDA:271,28,0,0
BRDA:271,28,1,53
BRDA:279,29,0,0
BRDA:279,29,1,53
BRDA:300,30,0,0
BRDA:300,30,1,0
BRF:62
BRH:47
end_of_record
