TN:
SF:source/list-btns.js
FN:8,(anonymous_0)
FN:38,(anonymous_1)
FN:58,addTask
FN:81,(anonymous_3)
FN:87,clearList
FN:102,increment
FN:110,decrement
FNF:7
FNH:3
FNDA:0,(anonymous_0)
FNDA:0,(anonymous_1)
FNDA:0,addTask
FNDA:0,(anonymous_3)
FNDA:2,clearList
FNDA:1,increment
FNDA:1,decrement
DA:5,1
DA:6,1
DA:8,1
DA:9,0
DA:10,0
DA:12,0
DA:13,0
DA:14,0
DA:15,0
DA:16,0
DA:37,1
DA:38,1
DA:39,0
DA:40,0
DA:59,0
DA:60,0
DA:61,0
DA:62,0
DA:64,0
DA:70,0
DA:72,0
DA:73,0
DA:77,0
DA:80,1
DA:81,1
DA:82,0
DA:88,2
DA:89,2
DA:90,2
DA:91,2
DA:92,1
DA:94,2
DA:103,1
DA:105,1
DA:111,1
DA:113,1
LF:36
LH:17
BRDA:9,0,0,0
BRDA:9,0,1,0
BRDA:13,1,0,0
BRDA:13,1,1,0
BRF:4
BRH:0
end_of_record
TN:
SF:source/scripts/settings.js
FN:19,(anonymous_0)
FN:34,timeAdvance
FN:120,startButton
FN:137,stopButton
FN:160,resetButton
FN:179,resetPomos
FN:187,canChangeTask
FN:196,saveSettings
FN:223,loadSettings
FN:298,(anonymous_9)
FN:310,minuteChange
FN:349,secondChange
FN:404,sound
FN:430,(anonymous_13)
FN:440,(anonymous_14)
FN:443,(anonymous_15)
FN:446,stopAlarm
FN:456,(anonymous_17)
FN:465,(anonymous_18)
FN:471,(anonymous_19)
FN:481,(anonymous_20)
FNF:21
FNH:8
FNDA:0,(anonymous_0)
FNDA:58506,timeAdvance
FNDA:54,startButton
FNDA:6077,stopButton
FNDA:10,resetButton
FNDA:10,resetPomos
FNDA:0,canChangeTask
FNDA:0,saveSettings
FNDA:0,loadSettings
FNDA:0,(anonymous_9)
FNDA:3004,minuteChange
FNDA:3004,secondChange
FNDA:53,sound
FNDA:0,(anonymous_13)
FNDA:0,(anonymous_14)
FNDA:0,(anonymous_15)
FNDA:0,stopAlarm
FNDA:0,(anonymous_17)
FNDA:0,(anonymous_18)
FNDA:0,(anonymous_19)
FNDA:0,(anonymous_20)
DA:19,1
DA:20,0
DA:21,0
DA:22,0
DA:25,1
DA:26,1
DA:27,1
DA:28,1
DA:29,1
DA:35,58506
DA:37,58506
DA:38,58506
DA:39,58506
DA:40,58506
DA:41,58506
DA:42,58506
DA:48,58506
DA:50,53
DA:51,25
DA:52,25
DA:54,25
DA:55,25
DA:56,25
DA:57,25
DA:61,28
DA:62,28
DA:64,28
DA:65,28
DA:66,28
DA:68,28
DA:69,28
DA:70,28
DA:72,28
DA:74,28
DA:75,0
DA:79,28
DA:80,6
DA:82,6
DA:83,6
DA:85,0
DA:87,6
DA:92,22
DA:94,22
DA:96,22
DA:98,0
DA:100,22
DA:107,1
DA:114,1
DA:121,54
DA:122,54
DA:124,0
DA:126,54
DA:127,54
DA:128,54
DA:129,54
DA:130,54
DA:138,6077
DA:139,3
DA:140,3
DA:142,6077
DA:143,6077
DA:144,6077
DA:147,6077
DA:148,6077
DA:149,6077
DA:150,6077
DA:151,6077
DA:152,6077
DA:153,6077
DA:155,1
DA:161,10
DA:162,3
DA:164,10
DA:166,10
DA:167,10
DA:168,10
DA:169,10
DA:170,10
DA:171,10
DA:172,10
DA:174,1
DA:180,10
DA:181,10
DA:188,0
DA:197,0
DA:200,0
DA:203,0
DA:206,0
DA:209,0
DA:212,0
DA:215,0
DA:218,0
DA:224,0
DA:226,0
DA:227,0
DA:228,0
DA:229,0
DA:230,0
DA:232,0
DA:234,0
DA:237,0
DA:241,0
DA:245,0
DA:249,0
DA:253,0
DA:257,0
DA:261,0
DA:265,0
DA:270,0
DA:273,0
DA:276,0
DA:279,0
DA:282,0
DA:285,0
DA:288,0
DA:291,0
DA:297,1
DA:298,1
DA:299,0
DA:300,0
DA:304,1
DA:305,1
DA:311,3004
DA:312,3004
DA:314,3004
DA:315,1805
DA:316,0
DA:319,3004
DA:320,3004
DA:322,1
DA:323,1
DA:324,3003
DA:325,118
DA:326,118
DA:327,2885
DA:328,1080
DA:329,1080
DA:336,1805
DA:337,1805
DA:339,3004
DA:340,3004
DA:343,1
DA:350,3004
DA:351,3004
DA:353,3004
DA:354,2500
DA:355,0
DA:358,3004
DA:359,3004
DA:361,54
DA:362,54
DA:363,1
DA:364,1
DA:366,53
DA:368,2950
DA:369,450
DA:370,450
DA:371,0
DA:372,0
DA:374,450
DA:382,2500
DA:383,2500
DA:384,0
DA:385,0
DA:387,2500
DA:390,3004
DA:391,3004
DA:394,1
DA:405,53
DA:406,53
DA:408,53
DA:409,0
DA:412,0
DA:413,53
DA:414,0
DA:417,0
DA:418,53
DA:419,0
DA:422,0
DA:426,53
DA:428,0
DA:431,0
DA:432,0
DA:436,0
DA:440,53
DA:441,0
DA:443,53
DA:444,0
DA:447,0
DA:448,0
DA:449,0
DA:455,1
DA:456,1
DA:457,0
DA:463,1
DA:464,1
DA:465,1
DA:466,0
DA:469,0
DA:471,1
DA:472,0
DA:475,0
DA:479,1
DA:480,1
DA:481,0
DA:482,0
LF:206
LH:136
BRDA:39,0,0,26100
BRDA:39,0,1,32406
BRDA:40,1,0,9750
BRDA:40,1,1,48756
BRDA:48,2,0,53
BRDA:48,2,1,58453
BRDA:50,3,0,25
BRDA:50,3,1,28
BRDA:74,4,0,0
BRDA:74,4,1,28
BRDA:79,5,0,6
BRDA:79,5,1,22
BRDA:79,6,0,28
BRDA:79,6,1,6
BRDA:83,7,0,0
BRDA:83,7,1,6
BRDA:96,8,0,0
BRDA:96,8,1,22
BRDA:121,9,0,54
BRDA:121,9,1,0
BRDA:121,10,0,54
BRDA:121,10,1,29
BRDA:122,11,0,0
BRDA:122,11,1,54
BRDA:138,12,0,3
BRDA:138,12,1,6074
BRDA:149,13,0,2422
BRDA:149,13,1,3655
BRDA:150,14,0,1075
BRDA:150,14,1,5002
BRDA:161,15,0,3
BRDA:161,15,1,7
BRDA:168,16,0,2
BRDA:168,16,1,8
BRDA:169,17,0,10
BRDA:169,17,1,0
BRDA:188,18,0,0
BRDA:188,18,1,0
BRDA:299,19,0,0
BRDA:299,19,1,0
BRDA:314,20,0,1805
BRDA:314,20,1,1199
BRDA:320,21,0,1
BRDA:320,21,1,3003
BRDA:324,22,0,118
BRDA:324,22,1,2885
BRDA:327,23,0,1080
BRDA:327,23,1,1805
BRDA:353,24,0,2500
BRDA:353,24,1,504
BRDA:359,25,0,54
BRDA:359,25,1,2950
BRDA:359,26,0,3004
BRDA:359,26,1,3003
BRDA:362,27,0,1
BRDA:362,27,1,53
BRDA:368,28,0,450
BRDA:368,28,1,2500
BRDA:370,29,0,0
BRDA:370,29,1,450
BRDA:383,30,0,0
BRDA:383,30,1,2500
BRDA:408,31,0,0
BRDA:408,31,1,53
BRDA:413,32,0,0
BRDA:413,32,1,53
BRDA:418,33,0,0
BRDA:418,33,1,53
BRDA:426,34,0,0
BRDA:426,34,1,53
BRDA:447,35,0,0
BRDA:447,35,1,0
BRDA:480,36,0,0
BRDA:480,36,1,1
BRF:74
BRH:55
end_of_record
